\BOOKMARK [0][-]{chapter.1}{\376\377\0001\000\040\000M\000o\000d\000u\000l\000e\000s\000\040\000I\000n\000d\000e\000x}{}% 1
\BOOKMARK [1][-]{section.1.1}{\376\377\0001\000.\0001\000\040\000M\000o\000d\000u\000l\000e\000s\000\040\000L\000i\000s\000t}{chapter.1}% 2
\BOOKMARK [0][-]{chapter.2}{\376\377\0002\000\040\000D\000a\000t\000a\000\040\000T\000y\000p\000e\000\040\000I\000n\000d\000e\000x}{}% 3
\BOOKMARK [1][-]{section.2.1}{\376\377\0002\000.\0001\000\040\000C\000l\000a\000s\000s\000\040\000H\000i\000e\000r\000a\000r\000c\000h\000y}{chapter.2}% 4
\BOOKMARK [0][-]{chapter.3}{\376\377\0003\000\040\000D\000a\000t\000a\000\040\000T\000y\000p\000e\000\040\000I\000n\000d\000e\000x}{}% 5
\BOOKMARK [1][-]{section.3.1}{\376\377\0003\000.\0001\000\040\000D\000a\000t\000a\000\040\000T\000y\000p\000e\000s\000\040\000L\000i\000s\000t}{chapter.3}% 6
\BOOKMARK [0][-]{chapter.4}{\376\377\0004\000\040\000F\000i\000l\000e\000\040\000I\000n\000d\000e\000x}{}% 7
\BOOKMARK [1][-]{section.4.1}{\376\377\0004\000.\0001\000\040\000F\000i\000l\000e\000\040\000L\000i\000s\000t}{chapter.4}% 8
\BOOKMARK [0][-]{chapter.5}{\376\377\0005\000\040\000M\000o\000d\000u\000l\000e\000\040\000D\000o\000c\000u\000m\000e\000n\000t\000a\000t\000i\000o\000n}{}% 9
\BOOKMARK [1][-]{section.5.1}{\376\377\0005\000.\0001\000\040\000I\000r\000r\000e\000p\000N\000a\000m\000e\000\040\000N\000a\000m\000e\000s\000p\000a\000c\000e\000\040\000R\000e\000f\000e\000r\000e\000n\000c\000e}{chapter.5}% 10
\BOOKMARK [2][-]{subsection.5.1.1}{\376\377\0005\000.\0001\000.\0001\000\040\000F\000u\000n\000c\000t\000i\000o\000n\000\040\000D\000o\000c\000u\000m\000e\000n\000t\000a\000t\000i\000o\000n}{section.5.1}% 11
\BOOKMARK [3][-]{subsubsection.5.1.1.1}{\376\377\0005\000.\0001\000.\0001\000.\0001\000\040\000g\000e\000t\000I\000r\000r\000e\000p\000\050\000\051}{subsection.5.1.1}% 12
\BOOKMARK [3][-]{subsubsection.5.1.1.2}{\376\377\0005\000.\0001\000.\0001\000.\0002\000\040\000i\000r\000r\000e\000p\000R\000o\000w\000s\000\050\000\051}{subsection.5.1.1}% 13
\BOOKMARK [1][-]{section.5.2}{\376\377\0005\000.\0002\000\040\000i\000t\000e\000r\000\040\000N\000a\000m\000e\000s\000p\000a\000c\000e\000\040\000R\000e\000f\000e\000r\000e\000n\000c\000e}{chapter.5}% 14
\BOOKMARK [2][-]{subsection.5.2.1}{\376\377\0005\000.\0002\000.\0001\000\040\000F\000u\000n\000c\000t\000i\000o\000n\000\040\000D\000o\000c\000u\000m\000e\000n\000t\000a\000t\000i\000o\000n}{section.5.2}% 15
\BOOKMARK [3][-]{subsubsection.5.2.1.1}{\376\377\0005\000.\0002\000.\0001\000.\0001\000\040\000i\000t\000e\000r\000m\000o\000m\000\050\000\051}{subsection.5.2.1}% 16
\BOOKMARK [1][-]{section.5.3}{\376\377\0005\000.\0003\000\040\000K\000F\000a\000c\000t\000o\000r\000E\000n\000v\000\040\000N\000a\000m\000e\000s\000p\000a\000c\000e\000\040\000R\000e\000f\000e\000r\000e\000n\000c\000e}{chapter.5}% 17
\BOOKMARK [2][-]{subsection.5.3.1}{\376\377\0005\000.\0003\000.\0001\000\040\000F\000u\000n\000c\000t\000i\000o\000n\000\040\000D\000o\000c\000u\000m\000e\000n\000t\000a\000t\000i\000o\000n}{section.5.3}% 18
\BOOKMARK [3][-]{subsubsection.5.3.1.1}{\376\377\0005\000.\0003\000.\0001\000.\0001\000\040\000r\000e\000g\000i\000s\000t\000e\000r\000A\000l\000l\000\050\000\051}{subsection.5.3.1}% 19
\BOOKMARK [1][-]{section.5.4}{\376\377\0005\000.\0004\000\040\000K\000f\000U\000t\000\040\000N\000a\000m\000e\000s\000p\000a\000c\000e\000\040\000R\000e\000f\000e\000r\000e\000n\000c\000e}{chapter.5}% 20
\BOOKMARK [2][-]{subsection.5.4.1}{\376\377\0005\000.\0004\000.\0001\000\040\000F\000u\000n\000c\000t\000i\000o\000n\000\040\000D\000o\000c\000u\000m\000e\000n\000t\000a\000t\000i\000o\000n}{section.5.4}% 21
\BOOKMARK [3][-]{subsubsection.5.4.1.1}{\376\377\0005\000.\0004\000.\0001\000.\0001\000\040\000G\000m\000u\000n\000u\000\050\000\051}{subsection.5.4.1}% 22
\BOOKMARK [3][-]{subsubsection.5.4.1.2}{\376\377\0005\000.\0004\000.\0001\000.\0002\000\040\000t\000r\000u\000n\000c\000a\000t\000e\000\050\000\051}{subsection.5.4.1}% 23
\BOOKMARK [1][-]{section.5.5}{\376\377\0005\000.\0005\000\040\000L\000e\000v\000C\000i\000v\000\040\000N\000a\000m\000e\000s\000p\000a\000c\000e\000\040\000R\000e\000f\000e\000r\000e\000n\000c\000e}{chapter.5}% 24
\BOOKMARK [2][-]{subsection.5.5.1}{\376\377\0005\000.\0005\000.\0001\000\040\000F\000u\000n\000c\000t\000i\000o\000n\000\040\000D\000o\000c\000u\000m\000e\000n\000t\000a\000t\000i\000o\000n}{section.5.5}% 25
\BOOKMARK [3][-]{subsubsection.5.5.1.1}{\376\377\0005\000.\0005\000.\0001\000.\0001\000\040\000L\000e\000v\000i\000C\000i\000v\000i\000t\000a\000\050\000\051}{subsection.5.5.1}% 26
\BOOKMARK [1][-]{section.5.6}{\376\377\0005\000.\0006\000\040\000L\000i\000t\000t\000l\000e\000G\000r\000p\000\040\000N\000a\000m\000e\000s\000p\000a\000c\000e\000\040\000R\000e\000f\000e\000r\000e\000n\000c\000e}{chapter.5}% 27
\BOOKMARK [2][-]{subsection.5.6.1}{\376\377\0005\000.\0006\000.\0001\000\040\000F\000u\000n\000c\000t\000i\000o\000n\000\040\000D\000o\000c\000u\000m\000e\000n\000t\000a\000t\000i\000o\000n}{section.5.6}% 28
\BOOKMARK [3][-]{subsubsection.5.6.1.1}{\376\377\0005\000.\0006\000.\0001\000.\0001\000\040\000g\000e\000n\000e\000r\000a\000t\000e\000L\000i\000t\000t\000l\000e\000G\000r\000o\000u\000p\000\050\000\051}{subsection.5.6.1}% 29
\BOOKMARK [3][-]{subsubsection.5.6.1.2}{\376\377\0005\000.\0006\000.\0001\000.\0002\000\040\000r\000e\000f\000A\000n\000g\000l\000e\000s\000\050\000\051}{subsection.5.6.1}% 30
\BOOKMARK [1][-]{section.5.7}{\376\377\0005\000.\0007\000\040\000n\000a\000m\000i\000n\000g\000\040\000N\000a\000m\000e\000s\000p\000a\000c\000e\000\040\000R\000e\000f\000e\000r\000e\000n\000c\000e}{chapter.5}% 31
\BOOKMARK [2][-]{subsection.5.7.1}{\376\377\0005\000.\0007\000.\0001\000\040\000F\000u\000n\000c\000t\000i\000o\000n\000\040\000D\000o\000c\000u\000m\000e\000n\000t\000a\000t\000i\000o\000n}{section.5.7}% 32
\BOOKMARK [3][-]{subsubsection.5.7.1.1}{\376\377\0005\000.\0007\000.\0001\000.\0001\000\040\000n\000a\000m\000e\000\050\000\051}{subsection.5.7.1}% 33
\BOOKMARK [1][-]{section.5.8}{\376\377\0005\000.\0008\000\040\000P\000h\000\040\000N\000a\000m\000e\000s\000p\000a\000c\000e\000\040\000R\000e\000f\000e\000r\000e\000n\000c\000e}{chapter.5}% 34
\BOOKMARK [2][-]{subsection.5.8.1}{\376\377\0005\000.\0008\000.\0001\000\040\000T\000y\000p\000e\000d\000e\000f\000\040\000D\000o\000c\000u\000m\000e\000n\000t\000a\000t\000i\000o\000n}{section.5.8}% 35
\BOOKMARK [3][-]{subsubsection.5.8.1.1}{\376\377\0005\000.\0008\000.\0001\000.\0001\000\040\000t\000r\000i\000p\000K\000e\000y}{subsection.5.8.1}% 36
\BOOKMARK [2][-]{subsection.5.8.2}{\376\377\0005\000.\0008\000.\0002\000\040\000F\000u\000n\000c\000t\000i\000o\000n\000\040\000D\000o\000c\000u\000m\000e\000n\000t\000a\000t\000i\000o\000n}{section.5.8}% 37
\BOOKMARK [3][-]{subsubsection.5.8.2.1}{\376\377\0005\000.\0008\000.\0002\000.\0001\000\040\000c\000a\000l\000c\000\137\000p\000h\000a\000s\000e\000\050\000\051}{subsection.5.8.2}% 38
\BOOKMARK [3][-]{subsubsection.5.8.2.2}{\376\377\0005\000.\0008\000.\0002\000.\0002\000\040\000c\000n\000s\000t\000\137\000p\000h\000a\000s\000e\000\050\000\051}{subsection.5.8.2}% 39
\BOOKMARK [3][-]{subsubsection.5.8.2.3}{\376\377\0005\000.\0008\000.\0002\000.\0003\000\040\000c\000o\000m\000p\000\137\000W\000i\000g\000n\000e\000r\000\137\000d\000\050\000\051}{subsection.5.8.2}% 40
\BOOKMARK [3][-]{subsubsection.5.8.2.4}{\376\377\0005\000.\0008\000.\0002\000.\0004\000\040\000p\000h\000a\000s\000e\000F\000a\000c\000t\000o\000r\000\050\000\051}{subsection.5.8.2}% 41
\BOOKMARK [1][-]{section.5.9}{\376\377\0005\000.\0009\000\040\000P\000o\000l\000V\000e\000c\000\040\000N\000a\000m\000e\000s\000p\000a\000c\000e\000\040\000R\000e\000f\000e\000r\000e\000n\000c\000e}{chapter.5}% 42
\BOOKMARK [2][-]{subsection.5.9.1}{\376\377\0005\000.\0009\000.\0001\000\040\000F\000u\000n\000c\000t\000i\000o\000n\000\040\000D\000o\000c\000u\000m\000e\000n\000t\000a\000t\000i\000o\000n}{section.5.9}% 43
\BOOKMARK [3][-]{subsubsection.5.9.1.1}{\376\377\0005\000.\0009\000.\0001\000.\0001\000\040\000g\000e\000t\000P\000o\000l\0004\000\050\000\051}{subsection.5.9.1}% 44
\BOOKMARK [3][-]{subsubsection.5.9.1.2}{\376\377\0005\000.\0009\000.\0001\000.\0002\000\040\000g\000e\000t\000P\000o\000l\000z\0004\000\050\000\051}{subsection.5.9.1}% 45
\BOOKMARK [1][-]{section.5.10}{\376\377\0005\000.\0001\0000\000\040\000R\000o\000t\000\040\000N\000a\000m\000e\000s\000p\000a\000c\000e\000\040\000R\000e\000f\000e\000r\000e\000n\000c\000e}{chapter.5}% 46
\BOOKMARK [2][-]{subsection.5.10.1}{\376\377\0005\000.\0001\0000\000.\0001\000\040\000F\000u\000n\000c\000t\000i\000o\000n\000\040\000D\000o\000c\000u\000m\000e\000n\000t\000a\000t\000i\000o\000n}{section.5.10}% 47
\BOOKMARK [3][-]{subsubsection.5.10.1.1}{\376\377\0005\000.\0001\0000\000.\0001\000.\0001\000\040\000e\000u\000l\000e\000r\000R\000o\000t\000M\000a\000t\000\050\000\051}{subsection.5.10.1}% 48
\BOOKMARK [1][-]{section.5.11}{\376\377\0005\000.\0001\0001\000\040\000S\000u\000b\000d\000\040\000N\000a\000m\000e\000s\000p\000a\000c\000e\000\040\000R\000e\000f\000e\000r\000e\000n\000c\000e}{chapter.5}% 49
\BOOKMARK [2][-]{subsection.5.11.1}{\376\377\0005\000.\0001\0001\000.\0001\000\040\000F\000u\000n\000c\000t\000i\000o\000n\000\040\000D\000o\000c\000u\000m\000e\000n\000t\000a\000t\000i\000o\000n}{section.5.11}% 50
\BOOKMARK [3][-]{subsubsection.5.11.1.1}{\376\377\0005\000.\0001\0001\000.\0001\000.\0001\000\040\000f\000i\000n\000d\000\137\000n\000\137\000s\000u\000b\000d\000u\000c\000e\000d\000\137\000e\000m\000b\000e\000d\000d\000i\000n\000g\000s\000\050\000\051}{subsection.5.11.1}% 51
\BOOKMARK [3][-]{subsubsection.5.11.1.2}{\376\377\0005\000.\0001\0001\000.\0001\000.\0002\000\040\000s\000u\000b\000d\000u\000c\000e\000\137\000l\000g\000\137\000b\000o\000s\000o\000n\000\050\000\051}{subsection.5.11.1}% 52
\BOOKMARK [3][-]{subsubsection.5.11.1.3}{\376\377\0005\000.\0001\0001\000.\0001\000.\0003\000\040\000s\000u\000b\000d\000u\000c\000e\000\137\000l\000g\000\137\000f\000e\000r\000m\000i\000o\000n\000\050\000\051}{subsection.5.11.1}% 53
\BOOKMARK [3][-]{subsubsection.5.11.1.4}{\376\377\0005\000.\0001\0001\000.\0001\000.\0004\000\040\000s\000u\000b\000d\000u\000c\000e\000\137\000o\000c\000t\000\050\000\051}{subsection.5.11.1}% 54
\BOOKMARK [1][-]{section.5.12}{\376\377\0005\000.\0001\0002\000\040\000S\000u\000b\000d\000P\000o\000l\000\040\000N\000a\000m\000e\000s\000p\000a\000c\000e\000\040\000R\000e\000f\000e\000r\000e\000n\000c\000e}{chapter.5}% 55
\BOOKMARK [2][-]{subsection.5.12.1}{\376\377\0005\000.\0001\0002\000.\0001\000\040\000F\000u\000n\000c\000t\000i\000o\000n\000\040\000D\000o\000c\000u\000m\000e\000n\000t\000a\000t\000i\000o\000n}{section.5.12}% 56
\BOOKMARK [3][-]{subsubsection.5.12.1.1}{\376\377\0005\000.\0001\0002\000.\0001\000.\0001\000\040\000S\000u\000b\000d\000u\000c\000e\000\137\000w\000i\000t\000h\000\137\000p\000o\000l\000\050\000\051}{subsection.5.12.1}% 57
\BOOKMARK [0][-]{chapter.6}{\376\377\0006\000\040\000D\000a\000t\000a\000\040\000T\000y\000p\000e\000\040\000D\000o\000c\000u\000m\000e\000n\000t\000a\000t\000i\000o\000n}{}% 58
\BOOKMARK [1][-]{section.6.1}{\376\377\0006\000.\0001\000\040\000f\000l\000a\000v\000o\000u\000r\000\040\000S\000t\000r\000u\000c\000t\000\040\000R\000e\000f\000e\000r\000e\000n\000c\000e}{chapter.6}% 59
\BOOKMARK [2][-]{subsection.6.1.1}{\376\377\0006\000.\0001\000.\0001\000\040\000F\000i\000e\000l\000d\000\040\000D\000o\000c\000u\000m\000e\000n\000t\000a\000t\000i\000o\000n}{section.6.1}% 60
\BOOKMARK [3][-]{subsubsection.6.1.1.1}{\376\377\0006\000.\0001\000.\0001\000.\0001\000\040\000t\000h\000r\000e\000e\000Y}{subsection.6.1.1}% 61
\BOOKMARK [3][-]{subsubsection.6.1.1.2}{\376\377\0006\000.\0001\000.\0001\000.\0002\000\040\000t\000w\000o\000I}{subsection.6.1.1}% 62
\BOOKMARK [3][-]{subsubsection.6.1.1.3}{\376\377\0006\000.\0001\000.\0001\000.\0003\000\040\000t\000w\000o\000I\000z}{subsection.6.1.1}% 63
\BOOKMARK [1][-]{section.6.2}{\376\377\0006\000.\0002\000\040\000i\000r\000r\000e\000p\000\137\000l\000a\000b\000e\000l\000\040\000S\000t\000r\000u\000c\000t\000\040\000R\000e\000f\000e\000r\000e\000n\000c\000e}{chapter.6}% 64
\BOOKMARK [2][-]{subsection.6.2.1}{\376\377\0006\000.\0002\000.\0001\000\040\000M\000e\000m\000b\000e\000r\000\040\000F\000u\000n\000c\000t\000i\000o\000n\000\040\000D\000o\000c\000u\000m\000e\000n\000t\000a\000t\000i\000o\000n}{section.6.2}% 65
\BOOKMARK [3][-]{subsubsection.6.2.1.1}{\376\377\0006\000.\0002\000.\0001\000.\0001\000\040\000o\000p\000e\000r\000a\000t\000o\000r\000<\000\050\000\051}{subsection.6.2.1}% 66
\BOOKMARK [2][-]{subsection.6.2.2}{\376\377\0006\000.\0002\000.\0002\000\040\000F\000i\000e\000l\000d\000\040\000D\000o\000c\000u\000m\000e\000n\000t\000a\000t\000i\000o\000n}{section.6.2}% 67
\BOOKMARK [3][-]{subsubsection.6.2.2.1}{\376\377\0006\000.\0002\000.\0002\000.\0001\000\040\000i\000r\000r\000e\000p}{subsection.6.2.2}% 68
\BOOKMARK [3][-]{subsubsection.6.2.2.2}{\376\377\0006\000.\0002\000.\0002\000.\0002\000\040\000n}{subsection.6.2.2}% 69
\BOOKMARK [3][-]{subsubsection.6.2.2.3}{\376\377\0006\000.\0002\000.\0002\000.\0003\000\040\000P}{subsection.6.2.2}% 70
\BOOKMARK [3][-]{subsubsection.6.2.2.4}{\376\377\0006\000.\0002\000.\0002\000.\0004\000\040\000r\000o\000w}{subsection.6.2.2}% 71
\BOOKMARK [3][-]{subsubsection.6.2.2.5}{\376\377\0006\000.\0002\000.\0002\000.\0005\000\040\000t\000w\000o\000J}{subsection.6.2.2}% 72
\BOOKMARK [1][-]{section.6.3}{\376\377\0006\000.\0003\000\040\000I\000r\000r\000e\000p\000L\000a\000m\000\137\000t\000\040\000S\000t\000r\000u\000c\000t\000\040\000R\000e\000f\000e\000r\000e\000n\000c\000e}{chapter.6}% 73
\BOOKMARK [2][-]{subsection.6.3.1}{\376\377\0006\000.\0003\000.\0001\000\040\000F\000i\000e\000l\000d\000\040\000D\000o\000c\000u\000m\000e\000n\000t\000a\000t\000i\000o\000n}{section.6.3}% 74
\BOOKMARK [3][-]{subsubsection.6.3.1.1}{\376\377\0006\000.\0003\000.\0001\000.\0001\000\040\000i\000r\000r\000e\000p}{subsection.6.3.1}% 75
\BOOKMARK [3][-]{subsubsection.6.3.1.2}{\376\377\0006\000.\0003\000.\0001\000.\0002\000\040\000l\000e\000v}{subsection.6.3.1}% 76
\BOOKMARK [3][-]{subsubsection.6.3.1.3}{\376\377\0006\000.\0003\000.\0001\000.\0003\000\040\000m\000o\000m}{subsection.6.3.1}% 77
\BOOKMARK [3][-]{subsubsection.6.3.1.4}{\376\377\0006\000.\0003\000.\0001\000.\0004\000\040\000m\000o\000m\000\137\000s\000q}{subsection.6.3.1}% 78
\BOOKMARK [3][-]{subsubsection.6.3.1.5}{\376\377\0006\000.\0003\000.\0001\000.\0005\000\040\000r\000o\000w}{subsection.6.3.1}% 79
\BOOKMARK [3][-]{subsubsection.6.3.1.6}{\376\377\0006\000.\0003\000.\0001\000.\0006\000\040\000t\000w\000o\000\137\000l\000a\000m}{subsection.6.3.1}% 80
\BOOKMARK [1][-]{section.6.4}{\376\377\0006\000.\0004\000\040\000K\000F\000a\000c\000P\000a\000r\000a\000m\000s\000\040\000C\000l\000a\000s\000s\000\040\000R\000e\000f\000e\000r\000e\000n\000c\000e}{chapter.6}% 81
\BOOKMARK [2][-]{subsection.6.4.1}{\376\377\0006\000.\0004\000.\0001\000\040\000C\000o\000n\000s\000t\000r\000u\000c\000t\000o\000r\000\040\000\046\000\040\000D\000e\000s\000t\000r\000u\000c\000t\000o\000r\000\040\000D\000o\000c\000u\000m\000e\000n\000t\000a\000t\000i\000o\000n}{section.6.4}% 82
\BOOKMARK [3][-]{subsubsection.6.4.1.1}{\376\377\0006\000.\0004\000.\0001\000.\0001\000\040\000\040\000K\000F\000a\000c\000P\000a\000r\000a\000m\000s\000\050\000\051}{subsection.6.4.1}% 83
\BOOKMARK [3][-]{subsubsection.6.4.1.2}{\376\377\0006\000.\0004\000.\0001\000.\0002\000\040\000K\000F\000a\000c\000P\000a\000r\000a\000m\000s\000\050\000\051}{subsection.6.4.1}% 84
\BOOKMARK [2][-]{subsection.6.4.2}{\376\377\0006\000.\0004\000.\0002\000\040\000M\000e\000m\000b\000e\000r\000\040\000F\000u\000n\000c\000t\000i\000o\000n\000\040\000D\000o\000c\000u\000m\000e\000n\000t\000a\000t\000i\000o\000n}{section.6.4}% 85
\BOOKMARK [3][-]{subsubsection.6.4.2.1}{\376\377\0006\000.\0004\000.\0002\000.\0001\000\040\000s\000u\000b\000P\000h\000S\000u\000m\000\050\000\051}{subsection.6.4.2}% 86
\BOOKMARK [3][-]{subsubsection.6.4.2.2}{\376\377\0006\000.\0004\000.\0002\000.\0002\000\040\000t\000w\000o\000\137\000a\000b\000s\000\137\000l\000a\000m\000\050\000\051}{subsection.6.4.2}% 87
\BOOKMARK [2][-]{subsection.6.4.3}{\376\377\0006\000.\0004\000.\0003\000\040\000F\000i\000e\000l\000d\000\040\000D\000o\000c\000u\000m\000e\000n\000t\000a\000t\000i\000o\000n}{section.6.4}% 88
\BOOKMARK [3][-]{subsubsection.6.4.3.1}{\376\377\0006\000.\0004\000.\0003\000.\0001\000\040\000p\000h\000a\000s\000e}{subsection.6.4.3}% 89
\BOOKMARK [3][-]{subsubsection.6.4.3.2}{\376\377\0006\000.\0004\000.\0003\000.\0002\000\040\000q\000m}{subsection.6.4.3}% 90
\BOOKMARK [3][-]{subsubsection.6.4.3.3}{\376\377\0006\000.\0004\000.\0003\000.\0003\000\040\000q\000p}{subsection.6.4.3}% 91
\BOOKMARK [3][-]{subsubsection.6.4.3.4}{\376\377\0006\000.\0004\000.\0003\000.\0004\000\040\000S\000u\000b\0001}{subsection.6.4.3}% 92
\BOOKMARK [3][-]{subsubsection.6.4.3.5}{\376\377\0006\000.\0004\000.\0003\000.\0005\000\040\000S\000u\000b\0003}{subsection.6.4.3}% 93
\BOOKMARK [3][-]{subsubsection.6.4.3.6}{\376\377\0006\000.\0004\000.\0003\000.\0006\000\040\000S\000u\000b\000C\000u\000r\000r}{subsection.6.4.3}% 94
\BOOKMARK [1][-]{section.6.5}{\376\377\0006\000.\0005\000\040\000K\000f\000a\000c\000S\000S\000S\000\040\000C\000l\000a\000s\000s\000\040\000R\000e\000f\000e\000r\000e\000n\000c\000e}{chapter.6}% 95
\BOOKMARK [2][-]{subsection.6.5.1}{\376\377\0006\000.\0005\000.\0001\000\040\000M\000e\000m\000b\000e\000r\000\040\000F\000u\000n\000c\000t\000i\000o\000n\000\040\000D\000o\000c\000u\000m\000e\000n\000t\000a\000t\000i\000o\000n}{section.6.5}% 96
\BOOKMARK [3][-]{subsubsection.6.5.1.1}{\376\377\0006\000.\0005\000.\0001\000.\0001\000\040\000n\000a\000m\000e\000\050\000\051}{subsection.6.5.1}% 97
\BOOKMARK [3][-]{subsubsection.6.5.1.2}{\376\377\0006\000.\0005\000.\0001\000.\0002\000\040\000o\000p\000e\000r\000a\000t\000o\000r\000\050\000\051\000\050\000\051}{subsection.6.5.1}% 98
\BOOKMARK [1][-]{section.6.6}{\376\377\0006\000.\0006\000\040\000K\000f\000a\000c\000S\000S\000V\000\040\000C\000l\000a\000s\000s\000\040\000R\000e\000f\000e\000r\000e\000n\000c\000e}{chapter.6}% 99
\BOOKMARK [2][-]{subsection.6.6.1}{\376\377\0006\000.\0006\000.\0001\000\040\000M\000e\000m\000b\000e\000r\000\040\000F\000u\000n\000c\000t\000i\000o\000n\000\040\000D\000o\000c\000u\000m\000e\000n\000t\000a\000t\000i\000o\000n}{section.6.6}% 100
\BOOKMARK [3][-]{subsubsection.6.6.1.1}{\376\377\0006\000.\0006\000.\0001\000.\0001\000\040\000n\000a\000m\000e\000\050\000\051}{subsection.6.6.1}% 101
\BOOKMARK [3][-]{subsubsection.6.6.1.2}{\376\377\0006\000.\0006\000.\0001\000.\0002\000\040\000o\000p\000e\000r\000a\000t\000o\000r\000\050\000\051\000\050\000\051}{subsection.6.6.1}% 102
\BOOKMARK [1][-]{section.6.7}{\376\377\0006\000.\0007\000\040\000K\000f\000a\000c\000S\000V\000S\000\040\000C\000l\000a\000s\000s\000\040\000R\000e\000f\000e\000r\000e\000n\000c\000e}{chapter.6}% 103
\BOOKMARK [2][-]{subsection.6.7.1}{\376\377\0006\000.\0007\000.\0001\000\040\000M\000e\000m\000b\000e\000r\000\040\000F\000u\000n\000c\000t\000i\000o\000n\000\040\000D\000o\000c\000u\000m\000e\000n\000t\000a\000t\000i\000o\000n}{section.6.7}% 104
\BOOKMARK [3][-]{subsubsection.6.7.1.1}{\376\377\0006\000.\0007\000.\0001\000.\0001\000\040\000n\000a\000m\000e\000\050\000\051}{subsection.6.7.1}% 105
\BOOKMARK [3][-]{subsubsection.6.7.1.2}{\376\377\0006\000.\0007\000.\0001\000.\0002\000\040\000o\000p\000e\000r\000a\000t\000o\000r\000\050\000\051\000\050\000\051}{subsection.6.7.1}% 106
\BOOKMARK [1][-]{section.6.8}{\376\377\0006\000.\0008\000\040\000K\000f\000a\000c\000S\000V\000V\000\040\000C\000l\000a\000s\000s\000\040\000R\000e\000f\000e\000r\000e\000n\000c\000e}{chapter.6}% 107
\BOOKMARK [2][-]{subsection.6.8.1}{\376\377\0006\000.\0008\000.\0001\000\040\000M\000e\000m\000b\000e\000r\000\040\000F\000u\000n\000c\000t\000i\000o\000n\000\040\000D\000o\000c\000u\000m\000e\000n\000t\000a\000t\000i\000o\000n}{section.6.8}% 108
\BOOKMARK [3][-]{subsubsection.6.8.1.1}{\376\377\0006\000.\0008\000.\0001\000.\0001\000\040\000n\000a\000m\000e\000\050\000\051}{subsection.6.8.1}% 109
\BOOKMARK [3][-]{subsubsection.6.8.1.2}{\376\377\0006\000.\0008\000.\0001\000.\0002\000\040\000o\000p\000e\000r\000a\000t\000o\000r\000\050\000\051\000\050\000\051}{subsection.6.8.1}% 110
\BOOKMARK [1][-]{section.6.9}{\376\377\0006\000.\0009\000\040\000K\000F\000a\000c\000t\000o\000r\000\040\000C\000l\000a\000s\000s\000\040\000R\000e\000f\000e\000r\000e\000n\000c\000e}{chapter.6}% 111
\BOOKMARK [2][-]{subsection.6.9.1}{\376\377\0006\000.\0009\000.\0001\000\040\000C\000o\000n\000s\000t\000r\000u\000c\000t\000o\000r\000\040\000\046\000\040\000D\000e\000s\000t\000r\000u\000c\000t\000o\000r\000\040\000D\000o\000c\000u\000m\000e\000n\000t\000a\000t\000i\000o\000n}{section.6.9}% 112
\BOOKMARK [3][-]{subsubsection.6.9.1.1}{\376\377\0006\000.\0009\000.\0001\000.\0001\000\040\000\040\000K\000F\000a\000c\000t\000o\000r\000\050\000\051}{subsection.6.9.1}% 113
\BOOKMARK [2][-]{subsection.6.9.2}{\376\377\0006\000.\0009\000.\0002\000\040\000M\000e\000m\000b\000e\000r\000\040\000F\000u\000n\000c\000t\000i\000o\000n\000\040\000D\000o\000c\000u\000m\000e\000n\000t\000a\000t\000i\000o\000n}{section.6.9}% 114
\BOOKMARK [3][-]{subsubsection.6.9.2.1}{\376\377\0006\000.\0009\000.\0002\000.\0001\000\040\000n\000a\000m\000e\000\050\000\051}{subsection.6.9.2}% 115
\BOOKMARK [3][-]{subsubsection.6.9.2.2}{\376\377\0006\000.\0009\000.\0002\000.\0002\000\040\000o\000p\000e\000r\000a\000t\000o\000r\000\050\000\051\000\050\000\051}{subsection.6.9.2}% 116
\BOOKMARK [1][-]{section.6.10}{\376\377\0006\000.\0001\0000\000\040\000K\000f\000a\000c\000V\000S\000S\000\040\000C\000l\000a\000s\000s\000\040\000R\000e\000f\000e\000r\000e\000n\000c\000e}{chapter.6}% 117
\BOOKMARK [2][-]{subsection.6.10.1}{\376\377\0006\000.\0001\0000\000.\0001\000\040\000M\000e\000m\000b\000e\000r\000\040\000F\000u\000n\000c\000t\000i\000o\000n\000\040\000D\000o\000c\000u\000m\000e\000n\000t\000a\000t\000i\000o\000n}{section.6.10}% 118
\BOOKMARK [3][-]{subsubsection.6.10.1.1}{\376\377\0006\000.\0001\0000\000.\0001\000.\0001\000\040\000n\000a\000m\000e\000\050\000\051}{subsection.6.10.1}% 119
\BOOKMARK [3][-]{subsubsection.6.10.1.2}{\376\377\0006\000.\0001\0000\000.\0001\000.\0002\000\040\000o\000p\000e\000r\000a\000t\000o\000r\000\050\000\051\000\050\000\051}{subsection.6.10.1}% 120
\BOOKMARK [1][-]{section.6.11}{\376\377\0006\000.\0001\0001\000\040\000K\000f\000a\000c\000V\000V\000S\000\040\000C\000l\000a\000s\000s\000\040\000R\000e\000f\000e\000r\000e\000n\000c\000e}{chapter.6}% 121
\BOOKMARK [2][-]{subsection.6.11.1}{\376\377\0006\000.\0001\0001\000.\0001\000\040\000M\000e\000m\000b\000e\000r\000\040\000F\000u\000n\000c\000t\000i\000o\000n\000\040\000D\000o\000c\000u\000m\000e\000n\000t\000a\000t\000i\000o\000n}{section.6.11}% 122
\BOOKMARK [3][-]{subsubsection.6.11.1.1}{\376\377\0006\000.\0001\0001\000.\0001\000.\0001\000\040\000n\000a\000m\000e\000\050\000\051}{subsection.6.11.1}% 123
\BOOKMARK [3][-]{subsubsection.6.11.1.2}{\376\377\0006\000.\0001\0001\000.\0001\000.\0002\000\040\000o\000p\000e\000r\000a\000t\000o\000r\000\050\000\051\000\050\000\051}{subsection.6.11.1}% 124
\BOOKMARK [1][-]{section.6.12}{\376\377\0006\000.\0001\0002\000\040\000N\000P\000t\000C\000o\000r\000r\000\137\000t\000\040\000S\000t\000r\000u\000c\000t\000\040\000R\000e\000f\000e\000r\000e\000n\000c\000e}{chapter.6}% 125
\BOOKMARK [2][-]{subsection.6.12.1}{\376\377\0006\000.\0001\0002\000.\0001\000\040\000F\000i\000e\000l\000d\000\040\000D\000o\000c\000u\000m\000e\000n\000t\000a\000t\000i\000o\000n}{section.6.12}% 126
\BOOKMARK [3][-]{subsubsection.6.12.1.1}{\376\377\0006\000.\0001\0002\000.\0001\000.\0001\000\040\000c\000a\000n\000o\000n\000i\000c\000a\000l}{subsection.6.12.1}% 127
\BOOKMARK [3][-]{subsubsection.6.12.1.2}{\376\377\0006\000.\0001\0002\000.\0001\000.\0002\000\040\000c\000r\000e\000a\000t\000i\000o\000n\000\137\000o\000p}{subsection.6.12.1}% 128
\BOOKMARK [3][-]{subsubsection.6.12.1.3}{\376\377\0006\000.\0001\0002\000.\0001\000.\0003\000\040\000e\000l\000a\000b}{subsection.6.12.1}% 129
\BOOKMARK [3][-]{subsubsection.6.12.1.4}{\376\377\0006\000.\0001\0002\000.\0001\000.\0004\000\040\000e\000l\000l}{subsection.6.12.1}% 130
\BOOKMARK [3][-]{subsubsection.6.12.1.5}{\376\377\0006\000.\0001\0002\000.\0001\000.\0005\000\040\000f\000l\000a\000v\000o\000r}{subsection.6.12.1}% 131
\BOOKMARK [3][-]{subsubsection.6.12.1.6}{\376\377\0006\000.\0001\0002\000.\0001\000.\0006\000\040\000l\000e\000v\000e\000l\000s}{subsection.6.12.1}% 132
\BOOKMARK [3][-]{subsubsection.6.12.1.7}{\376\377\0006\000.\0001\0002\000.\0001\000.\0007\000\040\000m\000a\000x\000\137\000m\000o\000m}{subsection.6.12.1}% 133
\BOOKMARK [3][-]{subsubsection.6.12.1.8}{\376\377\0006\000.\0001\0002\000.\0001\000.\0008\000\040\000m\000i\000n\000\137\000m\000o\000m}{subsection.6.12.1}% 134
\BOOKMARK [3][-]{subsubsection.6.12.1.9}{\376\377\0006\000.\0001\0002\000.\0001\000.\0009\000\040\000n\000a\000m\000e}{subsection.6.12.1}% 135
\BOOKMARK [3][-]{subsubsection.6.12.1.10}{\376\377\0006\000.\0001\0002\000.\0001\000.\0001\0000\000\040\000o\000m\000i\000t\000\137\000m\000o\000m}{subsection.6.12.1}% 136
\BOOKMARK [3][-]{subsubsection.6.12.1.11}{\376\377\0006\000.\0001\0002\000.\0001\000.\0001\0001\000\040\000P}{subsection.6.12.1}% 137
\BOOKMARK [3][-]{subsubsection.6.12.1.12}{\376\377\0006\000.\0001\0002\000.\0001\000.\0001\0002\000\040\000p\000r\000o\000j\000e\000c\000t\000e\000d}{subsection.6.12.1}% 138
\BOOKMARK [3][-]{subsubsection.6.12.1.13}{\376\377\0006\000.\0001\0002\000.\0001\000.\0001\0003\000\040\000s\000m\000e\000a\000r\000e\000d\000P}{subsection.6.12.1}% 139
\BOOKMARK [3][-]{subsubsection.6.12.1.14}{\376\377\0006\000.\0001\0002\000.\0001\000.\0001\0004\000\040\000t\000\137\000s\000l\000i\000c\000e}{subsection.6.12.1}% 140
\BOOKMARK [3][-]{subsubsection.6.12.1.15}{\376\377\0006\000.\0001\0002\000.\0001\000.\0001\0005\000\040\000t\000w\000o\000J}{subsection.6.12.1}% 141
\BOOKMARK [1][-]{section.6.13}{\376\377\0006\000.\0001\0003\000\040\000N\000P\000t\000I\000r\000r\000e\000p\000L\000a\000m\000\137\000t\000\040\000S\000t\000r\000u\000c\000t\000\040\000R\000e\000f\000e\000r\000e\000n\000c\000e}{chapter.6}% 142
\BOOKMARK [2][-]{subsection.6.13.1}{\376\377\0006\000.\0001\0003\000.\0001\000\040\000F\000i\000e\000l\000d\000\040\000D\000o\000c\000u\000m\000e\000n\000t\000a\000t\000i\000o\000n}{section.6.13}% 143
\BOOKMARK [3][-]{subsubsection.6.13.1.1}{\376\377\0006\000.\0001\0003\000.\0001\000.\0001\000\040\000k\000f\000a\000c}{subsection.6.13.1}% 144
\BOOKMARK [3][-]{subsubsection.6.13.1.2}{\376\377\0006\000.\0001\0003\000.\0001\000.\0002\000\040\000N\000p\000t}{subsection.6.13.1}% 145
\BOOKMARK [1][-]{section.6.14}{\376\377\0006\000.\0001\0004\000\040\000P\000h\000:\000:\000p\000h\000C\000h\000a\000r\000s\000\040\000S\000t\000r\000u\000c\000t\000\040\000R\000e\000f\000e\000r\000e\000n\000c\000e}{chapter.6}% 146
\BOOKMARK [2][-]{subsection.6.14.1}{\376\377\0006\000.\0001\0004\000.\0001\000\040\000M\000e\000m\000b\000e\000r\000\040\000F\000u\000n\000c\000t\000i\000o\000n\000\040\000D\000o\000c\000u\000m\000e\000n\000t\000a\000t\000i\000o\000n}{section.6.14}% 147
\BOOKMARK [3][-]{subsubsection.6.14.1.1}{\376\377\0006\000.\0001\0004\000.\0001\000.\0001\000\040\000o\000p\000e\000r\000a\000t\000o\000r\000<\000\050\000\051}{subsection.6.14.1}% 148
\BOOKMARK [2][-]{subsection.6.14.2}{\376\377\0006\000.\0001\0004\000.\0002\000\040\000F\000i\000e\000l\000d\000\040\000D\000o\000c\000u\000m\000e\000n\000t\000a\000t\000i\000o\000n}{section.6.14}% 149
\BOOKMARK [3][-]{subsubsection.6.14.2.1}{\376\377\0006\000.\0001\0004\000.\0002\000.\0001\000\040\000l\000a\000m\000\137\000p\000h\000a\000s\000e}{subsection.6.14.2}% 150
\BOOKMARK [3][-]{subsubsection.6.14.2.2}{\376\377\0006\000.\0001\0004\000.\0002\000.\0002\000\040\000m\000o\000m\0001}{subsection.6.14.2}% 151
\BOOKMARK [3][-]{subsubsection.6.14.2.3}{\376\377\0006\000.\0001\0004\000.\0002\000.\0003\000\040\000m\000o\000m\0002}{subsection.6.14.2}% 152
\BOOKMARK [3][-]{subsubsection.6.14.2.4}{\376\377\0006\000.\0001\0004\000.\0002\000.\0004\000\040\000r}{subsection.6.14.2}% 153
\BOOKMARK [1][-]{section.6.15}{\376\377\0006\000.\0001\0005\000\040\000K\000f\000U\000t\000:\000:\000T\000o\000A\000r\000r\000a\000y\000\040\000C\000l\000a\000s\000s\000\040\000R\000e\000f\000e\000r\000e\000n\000c\000e}{chapter.6}% 154
\BOOKMARK [2][-]{subsection.6.15.1}{\376\377\0006\000.\0001\0005\000.\0001\000\040\000M\000e\000m\000b\000e\000r\000\040\000F\000u\000n\000c\000t\000i\000o\000n\000\040\000D\000o\000c\000u\000m\000e\000n\000t\000a\000t\000i\000o\000n}{section.6.15}% 155
\BOOKMARK [3][-]{subsubsection.6.15.1.1}{\376\377\0006\000.\0001\0005\000.\0001\000.\0001\000\040\000t\000o\000A\000r\000r\000a\000y\000\050\000\051\000\040\000[\0001\000/\0002\000]}{subsection.6.15.1}% 156
\BOOKMARK [3][-]{subsubsection.6.15.1.2}{\376\377\0006\000.\0001\0005\000.\0001\000.\0002\000\040\000t\000o\000A\000r\000r\000a\000y\000\050\000\051\000\040\000[\0002\000/\0002\000]}{subsection.6.15.1}% 157
\BOOKMARK [0][-]{chapter.7}{\376\377\0007\000\040\000F\000i\000l\000e\000\040\000D\000o\000c\000u\000m\000e\000n\000t\000a\000t\000i\000o\000n}{}% 158
\BOOKMARK [1][-]{section.7.1}{\376\377\0007\000.\0001\000\040\000/\000U\000s\000e\000r\000s\000/\000a\000r\000c\000h\000a\000n\000a\000r\000/\000g\000i\000t\000/\000K\000i\000n\000e\000m\000a\000t\000i\000c\000\137\000f\000a\000c\000t\000o\000r\000s\000/\000c\000o\000m\000p\000u\000t\000e\000\137\000K\000f\000a\000c\000t\000o\000r\000s\000/\000s\000r\000c\000/\000e\000x\000e\000/\000c\000o\000m\000p\000u\000t\000e\000\137\000m\000a\000t\000r\000i\000x\000\137\000p\000r\000e\000f\000a\000c\000t\000o\000r\000.\000c\000c\000\040\000F\000i\000l\000e\000\040\000R\000e\000f\000e\000r\000e\000n\000c\000e}{chapter.7}% 159
\BOOKMARK [2][-]{subsection.7.1.1}{\376\377\0007\000.\0001\000.\0001\000\040\000F\000u\000n\000c\000t\000i\000o\000n\000\040\000D\000o\000c\000u\000m\000e\000n\000t\000a\000t\000i\000o\000n}{section.7.1}% 160
\BOOKMARK [3][-]{subsubsection.7.1.1.1}{\376\377\0007\000.\0001\000.\0001\000.\0001\000\040\000m\000a\000i\000n\000\050\000\051}{subsection.7.1.1}% 161
\BOOKMARK [1][-]{section.7.2}{\376\377\0007\000.\0002\000\040\000/\000U\000s\000e\000r\000s\000/\000a\000r\000c\000h\000a\000n\000a\000r\000/\000g\000i\000t\000/\000K\000i\000n\000e\000m\000a\000t\000i\000c\000\137\000f\000a\000c\000t\000o\000r\000s\000/\000c\000o\000m\000p\000u\000t\000e\000\137\000K\000f\000a\000c\000t\000o\000r\000s\000/\000s\000r\000c\000/\000i\000o\000/\000c\000o\000m\000p\000u\000t\000e\000\137\000k\000f\000a\000c\000t\000o\000r\000\137\000x\000m\000l\000\137\000r\000e\000a\000d\000\137\000w\000r\000i\000t\000e\000.\000c\000c\000\040\000F\000i\000l\000e\000\040\000R\000e\000f\000e\000r\000e\000n\000c\000e}{chapter.7}% 162
\BOOKMARK [2][-]{subsection.7.2.1}{\376\377\0007\000.\0002\000.\0001\000\040\000F\000u\000n\000c\000t\000i\000o\000n\000\040\000D\000o\000c\000u\000m\000e\000n\000t\000a\000t\000i\000o\000n}{section.7.2}% 163
\BOOKMARK [3][-]{subsubsection.7.2.1.1}{\376\377\0007\000.\0002\000.\0001\000.\0001\000\040\000r\000e\000a\000d\000\137\000x\000m\000l\000\137\000i\000n\000i\000\050\000\051}{subsection.7.2.1}% 164
\BOOKMARK [3][-]{subsubsection.7.2.1.2}{\376\377\0007\000.\0002\000.\0001\000.\0002\000\040\000w\000r\000i\000t\000e\000\137\000e\000i\000\050\000\051}{subsection.7.2.1}% 165
\BOOKMARK [3][-]{subsubsection.7.2.1.3}{\376\377\0007\000.\0002\000.\0001\000.\0003\000\040\000w\000r\000i\000t\000e\000\137\000i\000r\000r\000e\000p\000\050\000\051}{subsection.7.2.1}% 166
\BOOKMARK [3][-]{subsubsection.7.2.1.4}{\376\377\0007\000.\0002\000.\0001\000.\0004\000\040\000w\000r\000i\000t\000e\000\137\000x\000m\000l\000\137\000o\000u\000t\000\050\000\051}{subsection.7.2.1}% 167
\BOOKMARK [1][-]{section.7.3}{\376\377\0007\000.\0003\000\040\000/\000U\000s\000e\000r\000s\000/\000a\000r\000c\000h\000a\000n\000a\000r\000/\000g\000i\000t\000/\000K\000i\000n\000e\000m\000a\000t\000i\000c\000\137\000f\000a\000c\000t\000o\000r\000s\000/\000c\000o\000m\000p\000u\000t\000e\000\137\000K\000f\000a\000c\000t\000o\000r\000s\000/\000s\000r\000c\000/\000i\000o\000/\000c\000o\000m\000p\000u\000t\000e\000\137\000k\000f\000a\000c\000t\000o\000r\000\137\000x\000m\000l\000\137\000r\000e\000a\000d\000\137\000w\000r\000i\000t\000e\000.\000h\000\040\000F\000i\000l\000e\000\040\000R\000e\000f\000e\000r\000e\000n\000c\000e}{chapter.7}% 168
\BOOKMARK [2][-]{subsection.7.3.1}{\376\377\0007\000.\0003\000.\0001\000\040\000F\000u\000n\000c\000t\000i\000o\000n\000\040\000D\000o\000c\000u\000m\000e\000n\000t\000a\000t\000i\000o\000n}{section.7.3}% 169
\BOOKMARK [3][-]{subsubsection.7.3.1.1}{\376\377\0007\000.\0003\000.\0001\000.\0001\000\040\000r\000e\000a\000d\000\137\000x\000m\000l\000\137\000i\000n\000i\000\050\000\051}{subsection.7.3.1}% 170
\BOOKMARK [3][-]{subsubsection.7.3.1.2}{\376\377\0007\000.\0003\000.\0001\000.\0002\000\040\000w\000r\000i\000t\000e\000\137\000e\000i\000\050\000\051}{subsection.7.3.1}% 171
\BOOKMARK [3][-]{subsubsection.7.3.1.3}{\376\377\0007\000.\0003\000.\0001\000.\0003\000\040\000w\000r\000i\000t\000e\000\137\000i\000r\000r\000e\000p\000\050\000\051}{subsection.7.3.1}% 172
\BOOKMARK [3][-]{subsubsection.7.3.1.4}{\376\377\0007\000.\0003\000.\0001\000.\0004\000\040\000w\000r\000i\000t\000e\000\137\000x\000m\000l\000\137\000o\000u\000t\000\050\000\051}{subsection.7.3.1}% 173
\BOOKMARK [1][-]{section.7.4}{\376\377\0007\000.\0004\000\040\000/\000U\000s\000e\000r\000s\000/\000a\000r\000c\000h\000a\000n\000a\000r\000/\000g\000i\000t\000/\000K\000i\000n\000e\000m\000a\000t\000i\000c\000\137\000f\000a\000c\000t\000o\000r\000s\000/\000c\000o\000m\000p\000u\000t\000e\000\137\000K\000f\000a\000c\000t\000o\000r\000s\000/\000s\000r\000c\000/\000i\000o\000/\000g\000e\000n\000\137\000r\000e\000d\000s\000t\000a\000r\000\137\000x\000m\000l\000.\000c\000c\000\040\000F\000i\000l\000e\000\040\000R\000e\000f\000e\000r\000e\000n\000c\000e}{chapter.7}% 174
\BOOKMARK [2][-]{subsection.7.4.1}{\376\377\0007\000.\0004\000.\0001\000\040\000F\000u\000n\000c\000t\000i\000o\000n\000\040\000D\000o\000c\000u\000m\000e\000n\000t\000a\000t\000i\000o\000n}{section.7.4}% 175
\BOOKMARK [3][-]{subsubsection.7.4.1.1}{\376\377\0007\000.\0004\000.\0001\000.\0001\000\040\000g\000e\000n\000\137\000r\000e\000d\000s\000t\000a\000r\000\137\000x\000m\000l\000\050\000\051}{subsection.7.4.1}% 176
\BOOKMARK [1][-]{section.7.5}{\376\377\0007\000.\0005\000\040\000/\000U\000s\000e\000r\000s\000/\000a\000r\000c\000h\000a\000n\000a\000r\000/\000g\000i\000t\000/\000K\000i\000n\000e\000m\000a\000t\000i\000c\000\137\000f\000a\000c\000t\000o\000r\000s\000/\000c\000o\000m\000p\000u\000t\000e\000\137\000K\000f\000a\000c\000t\000o\000r\000s\000/\000s\000r\000c\000/\000i\000o\000/\000g\000e\000n\000\137\000r\000e\000d\000s\000t\000a\000r\000\137\000x\000m\000l\000.\000h\000\040\000F\000i\000l\000e\000\040\000R\000e\000f\000e\000r\000e\000n\000c\000e}{chapter.7}% 177
\BOOKMARK [2][-]{subsection.7.5.1}{\376\377\0007\000.\0005\000.\0001\000\040\000F\000u\000n\000c\000t\000i\000o\000n\000\040\000D\000o\000c\000u\000m\000e\000n\000t\000a\000t\000i\000o\000n}{section.7.5}% 178
\BOOKMARK [3][-]{subsubsection.7.5.1.1}{\376\377\0007\000.\0005\000.\0001\000.\0001\000\040\000g\000e\000n\000\137\000r\000e\000d\000s\000t\000a\000r\000\137\000x\000m\000l\000\050\000\051}{subsection.7.5.1}% 179
\BOOKMARK [1][-]{section.7.6}{\376\377\0007\000.\0006\000\040\000/\000U\000s\000e\000r\000s\000/\000a\000r\000c\000h\000a\000n\000a\000r\000/\000g\000i\000t\000/\000K\000i\000n\000e\000m\000a\000t\000i\000c\000\137\000f\000a\000c\000t\000o\000r\000s\000/\000c\000o\000m\000p\000u\000t\000e\000\137\000K\000f\000a\000c\000t\000o\000r\000s\000/\000s\000r\000c\000/\000l\000i\000b\000/\000c\000o\000m\000p\000u\000t\000e\000\137\000t\000h\000r\000e\000e\000\137\000p\000o\000i\000n\000t\000\137\000p\000r\000e\000f\000a\000c\000t\000o\000r\000.\000c\000c\000\040\000F\000i\000l\000e\000\040\000R\000e\000f\000e\000r\000e\000n\000c\000e}{chapter.7}% 180
\BOOKMARK [2][-]{subsection.7.6.1}{\376\377\0007\000.\0006\000.\0001\000\040\000F\000u\000n\000c\000t\000i\000o\000n\000\040\000D\000o\000c\000u\000m\000e\000n\000t\000a\000t\000i\000o\000n}{section.7.6}% 181
\BOOKMARK [3][-]{subsubsection.7.6.1.1}{\376\377\0007\000.\0006\000.\0001\000.\0001\000\040\000c\000o\000m\000p\000u\000t\000e\000\137\000t\000h\000r\000e\000e\000\137\000p\000o\000i\000n\000t\000\137\000p\000r\000e\000f\000a\000c\000t\000o\000r\000\050\000\051}{subsection.7.6.1}% 182
\BOOKMARK [1][-]{section.7.7}{\376\377\0007\000.\0007\000\040\000/\000U\000s\000e\000r\000s\000/\000a\000r\000c\000h\000a\000n\000a\000r\000/\000g\000i\000t\000/\000K\000i\000n\000e\000m\000a\000t\000i\000c\000\137\000f\000a\000c\000t\000o\000r\000s\000/\000c\000o\000m\000p\000u\000t\000e\000\137\000K\000f\000a\000c\000t\000o\000r\000s\000/\000s\000r\000c\000/\000l\000i\000b\000/\000c\000o\000m\000p\000u\000t\000e\000\137\000t\000h\000r\000e\000e\000\137\000p\000o\000i\000n\000t\000\137\000p\000r\000e\000f\000a\000c\000t\000o\000r\000.\000h\000\040\000F\000i\000l\000e\000\040\000R\000e\000f\000e\000r\000e\000n\000c\000e}{chapter.7}% 183
\BOOKMARK [2][-]{subsection.7.7.1}{\376\377\0007\000.\0007\000.\0001\000\040\000F\000u\000n\000c\000t\000i\000o\000n\000\040\000D\000o\000c\000u\000m\000e\000n\000t\000a\000t\000i\000o\000n}{section.7.7}% 184
\BOOKMARK [3][-]{subsubsection.7.7.1.1}{\376\377\0007\000.\0007\000.\0001\000.\0001\000\040\000c\000o\000m\000p\000u\000t\000e\000\137\000t\000h\000r\000e\000e\000\137\000p\000o\000i\000n\000t\000\137\000p\000r\000e\000f\000a\000c\000t\000o\000r\000\050\000\051}{subsection.7.7.1}% 185
\BOOKMARK [1][-]{section.7.8}{\376\377\0007\000.\0008\000\040\000/\000U\000s\000e\000r\000s\000/\000a\000r\000c\000h\000a\000n\000a\000r\000/\000g\000i\000t\000/\000K\000i\000n\000e\000m\000a\000t\000i\000c\000\137\000f\000a\000c\000t\000o\000r\000s\000/\000c\000o\000m\000p\000u\000t\000e\000\137\000K\000f\000a\000c\000t\000o\000r\000s\000/\000s\000r\000c\000/\000l\000i\000b\000/\000i\000r\000r\000e\000p\000s\000\137\000a\000n\000d\000\137\000r\000o\000w\000s\000.\000c\000c\000\040\000F\000i\000l\000e\000\040\000R\000e\000f\000e\000r\000e\000n\000c\000e}{chapter.7}% 186
\BOOKMARK [1][-]{section.7.9}{\376\377\0007\000.\0009\000\040\000/\000U\000s\000e\000r\000s\000/\000a\000r\000c\000h\000a\000n\000a\000r\000/\000g\000i\000t\000/\000K\000i\000n\000e\000m\000a\000t\000i\000c\000\137\000f\000a\000c\000t\000o\000r\000s\000/\000c\000o\000m\000p\000u\000t\000e\000\137\000K\000f\000a\000c\000t\000o\000r\000s\000/\000s\000r\000c\000/\000l\000i\000b\000/\000i\000r\000r\000e\000p\000s\000\137\000a\000n\000d\000\137\000r\000o\000w\000s\000.\000h\000\040\000F\000i\000l\000e\000\040\000R\000e\000f\000e\000r\000e\000n\000c\000e}{chapter.7}% 187
\BOOKMARK [1][-]{section.7.10}{\376\377\0007\000.\0001\0000\000\040\000/\000U\000s\000e\000r\000s\000/\000a\000r\000c\000h\000a\000n\000a\000r\000/\000g\000i\000t\000/\000K\000i\000n\000e\000m\000a\000t\000i\000c\000\137\000f\000a\000c\000t\000o\000r\000s\000/\000c\000o\000m\000p\000u\000t\000e\000\137\000K\000f\000a\000c\000t\000o\000r\000s\000/\000s\000r\000c\000/\000l\000i\000b\000/\000i\000t\000e\000r\000a\000t\000e\000.\000c\000c\000\040\000F\000i\000l\000e\000\040\000R\000e\000f\000e\000r\000e\000n\000c\000e}{chapter.7}% 188
\BOOKMARK [1][-]{section.7.11}{\376\377\0007\000.\0001\0001\000\040\000/\000U\000s\000e\000r\000s\000/\000a\000r\000c\000h\000a\000n\000a\000r\000/\000g\000i\000t\000/\000K\000i\000n\000e\000m\000a\000t\000i\000c\000\137\000f\000a\000c\000t\000o\000r\000s\000/\000c\000o\000m\000p\000u\000t\000e\000\137\000K\000f\000a\000c\000t\000o\000r\000s\000/\000s\000r\000c\000/\000l\000i\000b\000/\000i\000t\000e\000r\000a\000t\000e\000.\000h\000\040\000F\000i\000l\000e\000\040\000R\000e\000f\000e\000r\000e\000n\000c\000e}{chapter.7}% 189
\BOOKMARK [1][-]{section.7.12}{\376\377\0007\000.\0001\0002\000\040\000/\000U\000s\000e\000r\000s\000/\000a\000r\000c\000h\000a\000n\000a\000r\000/\000g\000i\000t\000/\000K\000i\000n\000e\000m\000a\000t\000i\000c\000\137\000f\000a\000c\000t\000o\000r\000s\000/\000c\000o\000m\000p\000u\000t\000e\000\137\000K\000f\000a\000c\000t\000o\000r\000s\000/\000s\000r\000c\000/\000l\000i\000b\000/\000k\000\137\000f\000a\000c\000t\000o\000r\000\137\000f\000a\000c\000t\000o\000r\000y\000.\000c\000c\000\040\000F\000i\000l\000e\000\040\000R\000e\000f\000e\000r\000e\000n\000c\000e}{chapter.7}% 190
\BOOKMARK [1][-]{section.7.13}{\376\377\0007\000.\0001\0003\000\040\000/\000U\000s\000e\000r\000s\000/\000a\000r\000c\000h\000a\000n\000a\000r\000/\000g\000i\000t\000/\000K\000i\000n\000e\000m\000a\000t\000i\000c\000\137\000f\000a\000c\000t\000o\000r\000s\000/\000c\000o\000m\000p\000u\000t\000e\000\137\000K\000f\000a\000c\000t\000o\000r\000s\000/\000s\000r\000c\000/\000l\000i\000b\000/\000k\000\137\000f\000a\000c\000t\000o\000r\000\137\000f\000a\000c\000t\000o\000r\000y\000.\000h\000\040\000F\000i\000l\000e\000\040\000R\000e\000f\000e\000r\000e\000n\000c\000e}{chapter.7}% 191
\BOOKMARK [2][-]{subsection.7.13.1}{\376\377\0007\000.\0001\0003\000.\0001\000\040\000T\000y\000p\000e\000d\000e\000f\000\040\000D\000o\000c\000u\000m\000e\000n\000t\000a\000t\000i\000o\000n}{section.7.13}% 192
\BOOKMARK [3][-]{subsubsection.7.13.1.1}{\376\377\0007\000.\0001\0003\000.\0001\000.\0001\000\040\000T\000h\000e\000K\000F\000a\000c\000t\000o\000r\000F\000a\000c\000t\000o\000r\000y}{subsection.7.13.1}% 193
\BOOKMARK [1][-]{section.7.14}{\376\377\0007\000.\0001\0004\000\040\000/\000U\000s\000e\000r\000s\000/\000a\000r\000c\000h\000a\000n\000a\000r\000/\000g\000i\000t\000/\000K\000i\000n\000e\000m\000a\000t\000i\000c\000\137\000f\000a\000c\000t\000o\000r\000s\000/\000c\000o\000m\000p\000u\000t\000e\000\137\000K\000f\000a\000c\000t\000o\000r\000s\000/\000s\000r\000c\000/\000l\000i\000b\000/\000k\000f\000a\000c\000\137\000p\000a\000r\000a\000m\000s\000.\000c\000c\000\040\000F\000i\000l\000e\000\040\000R\000e\000f\000e\000r\000e\000n\000c\000e}{chapter.7}% 194
\BOOKMARK [1][-]{section.7.15}{\376\377\0007\000.\0001\0005\000\040\000/\000U\000s\000e\000r\000s\000/\000a\000r\000c\000h\000a\000n\000a\000r\000/\000g\000i\000t\000/\000K\000i\000n\000e\000m\000a\000t\000i\000c\000\137\000f\000a\000c\000t\000o\000r\000s\000/\000c\000o\000m\000p\000u\000t\000e\000\137\000K\000f\000a\000c\000t\000o\000r\000s\000/\000s\000r\000c\000/\000l\000i\000b\000/\000k\000f\000a\000c\000\137\000p\000a\000r\000a\000m\000s\000.\000h\000\040\000F\000i\000l\000e\000\040\000R\000e\000f\000e\000r\000e\000n\000c\000e}{chapter.7}% 195
\BOOKMARK [1][-]{section.7.16}{\376\377\0007\000.\0001\0006\000\040\000/\000U\000s\000e\000r\000s\000/\000a\000r\000c\000h\000a\000n\000a\000r\000/\000g\000i\000t\000/\000K\000i\000n\000e\000m\000a\000t\000i\000c\000\137\000f\000a\000c\000t\000o\000r\000s\000/\000c\000o\000m\000p\000u\000t\000e\000\137\000K\000f\000a\000c\000t\000o\000r\000s\000/\000s\000r\000c\000/\000l\000i\000b\000/\000k\000f\000a\000c\000\137\000u\000t\000i\000l\000s\000.\000c\000c\000\040\000F\000i\000l\000e\000\040\000R\000e\000f\000e\000r\000e\000n\000c\000e}{chapter.7}% 196
\BOOKMARK [1][-]{section.7.17}{\376\377\0007\000.\0001\0007\000\040\000/\000U\000s\000e\000r\000s\000/\000a\000r\000c\000h\000a\000n\000a\000r\000/\000g\000i\000t\000/\000K\000i\000n\000e\000m\000a\000t\000i\000c\000\137\000f\000a\000c\000t\000o\000r\000s\000/\000c\000o\000m\000p\000u\000t\000e\000\137\000K\000f\000a\000c\000t\000o\000r\000s\000/\000s\000r\000c\000/\000l\000i\000b\000/\000k\000f\000a\000c\000\137\000u\000t\000i\000l\000s\000.\000h\000\040\000F\000i\000l\000e\000\040\000R\000e\000f\000e\000r\000e\000n\000c\000e}{chapter.7}% 197
\BOOKMARK [1][-]{section.7.18}{\376\377\0007\000.\0001\0008\000\040\000/\000U\000s\000e\000r\000s\000/\000a\000r\000c\000h\000a\000n\000a\000r\000/\000g\000i\000t\000/\000K\000i\000n\000e\000m\000a\000t\000i\000c\000\137\000f\000a\000c\000t\000o\000r\000s\000/\000c\000o\000m\000p\000u\000t\000e\000\137\000K\000f\000a\000c\000t\000o\000r\000s\000/\000s\000r\000c\000/\000l\000i\000b\000/\000k\000f\000a\000c\000t\000o\000r\000\137\000p\000i\000g\000a\000m\000m\000a\000p\000i\000.\000c\000c\000\040\000F\000i\000l\000e\000\040\000R\000e\000f\000e\000r\000e\000n\000c\000e}{chapter.7}% 198
\BOOKMARK [1][-]{section.7.19}{\376\377\0007\000.\0001\0009\000\040\000/\000U\000s\000e\000r\000s\000/\000a\000r\000c\000h\000a\000n\000a\000r\000/\000g\000i\000t\000/\000K\000i\000n\000e\000m\000a\000t\000i\000c\000\137\000f\000a\000c\000t\000o\000r\000s\000/\000c\000o\000m\000p\000u\000t\000e\000\137\000K\000f\000a\000c\000t\000o\000r\000s\000/\000s\000r\000c\000/\000l\000i\000b\000/\000k\000f\000a\000c\000t\000o\000r\000\137\000p\000i\000g\000a\000m\000m\000a\000p\000i\000.\000h\000\040\000F\000i\000l\000e\000\040\000R\000e\000f\000e\000r\000e\000n\000c\000e}{chapter.7}% 199
\BOOKMARK [1][-]{section.7.20}{\376\377\0007\000.\0002\0000\000\040\000/\000U\000s\000e\000r\000s\000/\000a\000r\000c\000h\000a\000n\000a\000r\000/\000g\000i\000t\000/\000K\000i\000n\000e\000m\000a\000t\000i\000c\000\137\000f\000a\000c\000t\000o\000r\000s\000/\000c\000o\000m\000p\000u\000t\000e\000\137\000K\000f\000a\000c\000t\000o\000r\000s\000/\000s\000r\000c\000/\000l\000i\000b\000/\000k\000f\000a\000c\000t\000o\000r\000\137\000p\000i\000g\000a\000m\000m\000a\000r\000h\000o\000.\000c\000c\000\040\000F\000i\000l\000e\000\040\000R\000e\000f\000e\000r\000e\000n\000c\000e}{chapter.7}% 200
\BOOKMARK [1][-]{section.7.21}{\376\377\0007\000.\0002\0001\000\040\000/\000U\000s\000e\000r\000s\000/\000a\000r\000c\000h\000a\000n\000a\000r\000/\000g\000i\000t\000/\000K\000i\000n\000e\000m\000a\000t\000i\000c\000\137\000f\000a\000c\000t\000o\000r\000s\000/\000c\000o\000m\000p\000u\000t\000e\000\137\000K\000f\000a\000c\000t\000o\000r\000s\000/\000s\000r\000c\000/\000l\000i\000b\000/\000k\000f\000a\000c\000t\000o\000r\000\137\000p\000i\000g\000a\000m\000m\000a\000r\000h\000o\000.\000h\000\040\000F\000i\000l\000e\000\040\000R\000e\000f\000e\000r\000e\000n\000c\000e}{chapter.7}% 201
\BOOKMARK [1][-]{section.7.22}{\376\377\0007\000.\0002\0002\000\040\000/\000U\000s\000e\000r\000s\000/\000a\000r\000c\000h\000a\000n\000a\000r\000/\000g\000i\000t\000/\000K\000i\000n\000e\000m\000a\000t\000i\000c\000\137\000f\000a\000c\000t\000o\000r\000s\000/\000c\000o\000m\000p\000u\000t\000e\000\137\000K\000f\000a\000c\000t\000o\000r\000s\000/\000s\000r\000c\000/\000l\000i\000b\000/\000k\000f\000a\000c\000t\000o\000r\000s\000.\000h\000\040\000F\000i\000l\000e\000\040\000R\000e\000f\000e\000r\000e\000n\000c\000e}{chapter.7}% 202
\BOOKMARK [1][-]{section.7.23}{\376\377\0007\000.\0002\0003\000\040\000/\000U\000s\000e\000r\000s\000/\000a\000r\000c\000h\000a\000n\000a\000r\000/\000g\000i\000t\000/\000K\000i\000n\000e\000m\000a\000t\000i\000c\000\137\000f\000a\000c\000t\000o\000r\000s\000/\000c\000o\000m\000p\000u\000t\000e\000\137\000K\000f\000a\000c\000t\000o\000r\000s\000/\000s\000r\000c\000/\000l\000i\000b\000/\000l\000e\000v\000i\000\137\000c\000i\000v\000i\000t\000a\000.\000c\000c\000\040\000F\000i\000l\000e\000\040\000R\000e\000f\000e\000r\000e\000n\000c\000e}{chapter.7}% 203
\BOOKMARK [1][-]{section.7.24}{\376\377\0007\000.\0002\0004\000\040\000/\000U\000s\000e\000r\000s\000/\000a\000r\000c\000h\000a\000n\000a\000r\000/\000g\000i\000t\000/\000K\000i\000n\000e\000m\000a\000t\000i\000c\000\137\000f\000a\000c\000t\000o\000r\000s\000/\000c\000o\000m\000p\000u\000t\000e\000\137\000K\000f\000a\000c\000t\000o\000r\000s\000/\000s\000r\000c\000/\000l\000i\000b\000/\000l\000e\000v\000i\000\137\000c\000i\000v\000i\000t\000a\000.\000h\000\040\000F\000i\000l\000e\000\040\000R\000e\000f\000e\000r\000e\000n\000c\000e}{chapter.7}% 204
\BOOKMARK [1][-]{section.7.25}{\376\377\0007\000.\0002\0005\000\040\000/\000U\000s\000e\000r\000s\000/\000a\000r\000c\000h\000a\000n\000a\000r\000/\000g\000i\000t\000/\000K\000i\000n\000e\000m\000a\000t\000i\000c\000\137\000f\000a\000c\000t\000o\000r\000s\000/\000c\000o\000m\000p\000u\000t\000e\000\137\000K\000f\000a\000c\000t\000o\000r\000s\000/\000s\000r\000c\000/\000l\000i\000b\000/\000l\000i\000t\000t\000l\000e\000\137\000g\000r\000o\000u\000p\000.\000c\000c\000\040\000F\000i\000l\000e\000\040\000R\000e\000f\000e\000r\000e\000n\000c\000e}{chapter.7}% 205
\BOOKMARK [1][-]{section.7.26}{\376\377\0007\000.\0002\0006\000\040\000/\000U\000s\000e\000r\000s\000/\000a\000r\000c\000h\000a\000n\000a\000r\000/\000g\000i\000t\000/\000K\000i\000n\000e\000m\000a\000t\000i\000c\000\137\000f\000a\000c\000t\000o\000r\000s\000/\000c\000o\000m\000p\000u\000t\000e\000\137\000K\000f\000a\000c\000t\000o\000r\000s\000/\000s\000r\000c\000/\000l\000i\000b\000/\000l\000i\000t\000t\000l\000e\000\137\000g\000r\000o\000u\000p\000.\000h\000\040\000F\000i\000l\000e\000\040\000R\000e\000f\000e\000r\000e\000n\000c\000e}{chapter.7}% 206
\BOOKMARK [1][-]{section.7.27}{\376\377\0007\000.\0002\0007\000\040\000/\000U\000s\000e\000r\000s\000/\000a\000r\000c\000h\000a\000n\000a\000r\000/\000g\000i\000t\000/\000K\000i\000n\000e\000m\000a\000t\000i\000c\000\137\000f\000a\000c\000t\000o\000r\000s\000/\000c\000o\000m\000p\000u\000t\000e\000\137\000K\000f\000a\000c\000t\000o\000r\000s\000/\000s\000r\000c\000/\000l\000i\000b\000/\000n\000a\000m\000i\000n\000g\000.\000c\000c\000\040\000F\000i\000l\000e\000\040\000R\000e\000f\000e\000r\000e\000n\000c\000e}{chapter.7}% 207
\BOOKMARK [1][-]{section.7.28}{\376\377\0007\000.\0002\0008\000\040\000/\000U\000s\000e\000r\000s\000/\000a\000r\000c\000h\000a\000n\000a\000r\000/\000g\000i\000t\000/\000K\000i\000n\000e\000m\000a\000t\000i\000c\000\137\000f\000a\000c\000t\000o\000r\000s\000/\000c\000o\000m\000p\000u\000t\000e\000\137\000K\000f\000a\000c\000t\000o\000r\000s\000/\000s\000r\000c\000/\000l\000i\000b\000/\000n\000a\000m\000i\000n\000g\000.\000h\000\040\000F\000i\000l\000e\000\040\000R\000e\000f\000e\000r\000e\000n\000c\000e}{chapter.7}% 208
\BOOKMARK [1][-]{section.7.29}{\376\377\0007\000.\0002\0009\000\040\000/\000U\000s\000e\000r\000s\000/\000a\000r\000c\000h\000a\000n\000a\000r\000/\000g\000i\000t\000/\000K\000i\000n\000e\000m\000a\000t\000i\000c\000\137\000f\000a\000c\000t\000o\000r\000s\000/\000c\000o\000m\000p\000u\000t\000e\000\137\000K\000f\000a\000c\000t\000o\000r\000s\000/\000s\000r\000c\000/\000l\000i\000b\000/\000p\000h\000a\000s\000e\000.\000c\000c\000\040\000F\000i\000l\000e\000\040\000R\000e\000f\000e\000r\000e\000n\000c\000e}{chapter.7}% 209
\BOOKMARK [2][-]{subsection.7.29.1}{\376\377\0007\000.\0002\0009\000.\0001\000\040\000F\000u\000n\000c\000t\000i\000o\000n\000\040\000D\000o\000c\000u\000m\000e\000n\000t\000a\000t\000i\000o\000n}{section.7.29}% 210
\BOOKMARK [3][-]{subsubsection.7.29.1.1}{\376\377\0007\000.\0002\0009\000.\0001\000.\0001\000\040\000R\000o\000u\000n\000d\000\050\000\051}{subsection.7.29.1}% 211
\BOOKMARK [1][-]{section.7.30}{\376\377\0007\000.\0003\0000\000\040\000/\000U\000s\000e\000r\000s\000/\000a\000r\000c\000h\000a\000n\000a\000r\000/\000g\000i\000t\000/\000K\000i\000n\000e\000m\000a\000t\000i\000c\000\137\000f\000a\000c\000t\000o\000r\000s\000/\000c\000o\000m\000p\000u\000t\000e\000\137\000K\000f\000a\000c\000t\000o\000r\000s\000/\000s\000r\000c\000/\000l\000i\000b\000/\000p\000h\000a\000s\000e\000.\000h\000\040\000F\000i\000l\000e\000\040\000R\000e\000f\000e\000r\000e\000n\000c\000e}{chapter.7}% 212
\BOOKMARK [2][-]{subsection.7.30.1}{\376\377\0007\000.\0003\0000\000.\0001\000\040\000F\000u\000n\000c\000t\000i\000o\000n\000\040\000D\000o\000c\000u\000m\000e\000n\000t\000a\000t\000i\000o\000n}{section.7.30}% 213
\BOOKMARK [3][-]{subsubsection.7.30.1.1}{\376\377\0007\000.\0003\0000\000.\0001\000.\0001\000\040\000R\000o\000u\000n\000d\000\050\000\051}{subsection.7.30.1}% 214
\BOOKMARK [1][-]{section.7.31}{\376\377\0007\000.\0003\0001\000\040\000/\000U\000s\000e\000r\000s\000/\000a\000r\000c\000h\000a\000n\000a\000r\000/\000g\000i\000t\000/\000K\000i\000n\000e\000m\000a\000t\000i\000c\000\137\000f\000a\000c\000t\000o\000r\000s\000/\000c\000o\000m\000p\000u\000t\000e\000\137\000K\000f\000a\000c\000t\000o\000r\000s\000/\000s\000r\000c\000/\000l\000i\000b\000/\000p\000o\000l\000\137\000v\000e\000c\000.\000c\000c\000\040\000F\000i\000l\000e\000\040\000R\000e\000f\000e\000r\000e\000n\000c\000e}{chapter.7}% 215
\BOOKMARK [1][-]{section.7.32}{\376\377\0007\000.\0003\0002\000\040\000/\000U\000s\000e\000r\000s\000/\000a\000r\000c\000h\000a\000n\000a\000r\000/\000g\000i\000t\000/\000K\000i\000n\000e\000m\000a\000t\000i\000c\000\137\000f\000a\000c\000t\000o\000r\000s\000/\000c\000o\000m\000p\000u\000t\000e\000\137\000K\000f\000a\000c\000t\000o\000r\000s\000/\000s\000r\000c\000/\000l\000i\000b\000/\000p\000o\000l\000\137\000v\000e\000c\000.\000h\000\040\000F\000i\000l\000e\000\040\000R\000e\000f\000e\000r\000e\000n\000c\000e}{chapter.7}% 216
\BOOKMARK [1][-]{section.7.33}{\376\377\0007\000.\0003\0003\000\040\000/\000U\000s\000e\000r\000s\000/\000a\000r\000c\000h\000a\000n\000a\000r\000/\000g\000i\000t\000/\000K\000i\000n\000e\000m\000a\000t\000i\000c\000\137\000f\000a\000c\000t\000o\000r\000s\000/\000c\000o\000m\000p\000u\000t\000e\000\137\000K\000f\000a\000c\000t\000o\000r\000s\000/\000s\000r\000c\000/\000l\000i\000b\000/\000r\000o\000t\000\137\000m\000a\000t\000r\000x\000.\000c\000c\000\040\000F\000i\000l\000e\000\040\000R\000e\000f\000e\000r\000e\000n\000c\000e}{chapter.7}% 217
\BOOKMARK [1][-]{section.7.34}{\376\377\0007\000.\0003\0004\000\040\000/\000U\000s\000e\000r\000s\000/\000a\000r\000c\000h\000a\000n\000a\000r\000/\000g\000i\000t\000/\000K\000i\000n\000e\000m\000a\000t\000i\000c\000\137\000f\000a\000c\000t\000o\000r\000s\000/\000c\000o\000m\000p\000u\000t\000e\000\137\000K\000f\000a\000c\000t\000o\000r\000s\000/\000s\000r\000c\000/\000l\000i\000b\000/\000r\000o\000t\000\137\000m\000a\000t\000r\000x\000.\000h\000\040\000F\000i\000l\000e\000\040\000R\000e\000f\000e\000r\000e\000n\000c\000e}{chapter.7}% 218
\BOOKMARK [1][-]{section.7.35}{\376\377\0007\000.\0003\0005\000\040\000/\000U\000s\000e\000r\000s\000/\000a\000r\000c\000h\000a\000n\000a\000r\000/\000g\000i\000t\000/\000K\000i\000n\000e\000m\000a\000t\000i\000c\000\137\000f\000a\000c\000t\000o\000r\000s\000/\000c\000o\000m\000p\000u\000t\000e\000\137\000K\000f\000a\000c\000t\000o\000r\000s\000/\000s\000r\000c\000/\000l\000i\000b\000/\000s\000u\000b\000d\000\137\000p\000o\000l\000\137\000v\000e\000c\000.\000c\000c\000\040\000F\000i\000l\000e\000\040\000R\000e\000f\000e\000r\000e\000n\000c\000e}{chapter.7}% 219
\BOOKMARK [1][-]{section.7.36}{\376\377\0007\000.\0003\0006\000\040\000/\000U\000s\000e\000r\000s\000/\000a\000r\000c\000h\000a\000n\000a\000r\000/\000g\000i\000t\000/\000K\000i\000n\000e\000m\000a\000t\000i\000c\000\137\000f\000a\000c\000t\000o\000r\000s\000/\000c\000o\000m\000p\000u\000t\000e\000\137\000K\000f\000a\000c\000t\000o\000r\000s\000/\000s\000r\000c\000/\000l\000i\000b\000/\000s\000u\000b\000d\000\137\000p\000o\000l\000\137\000v\000e\000c\000.\000h\000\040\000F\000i\000l\000e\000\040\000R\000e\000f\000e\000r\000e\000n\000c\000e}{chapter.7}% 220
\BOOKMARK [1][-]{section.7.37}{\376\377\0007\000.\0003\0007\000\040\000/\000U\000s\000e\000r\000s\000/\000a\000r\000c\000h\000a\000n\000a\000r\000/\000g\000i\000t\000/\000K\000i\000n\000e\000m\000a\000t\000i\000c\000\137\000f\000a\000c\000t\000o\000r\000s\000/\000c\000o\000m\000p\000u\000t\000e\000\137\000K\000f\000a\000c\000t\000o\000r\000s\000/\000s\000r\000c\000/\000l\000i\000b\000/\000s\000u\000b\000d\000u\000c\000t\000i\000o\000n\000.\000c\000c\000\040\000F\000i\000l\000e\000\040\000R\000e\000f\000e\000r\000e\000n\000c\000e}{chapter.7}% 221
\BOOKMARK [2][-]{subsection.7.37.1}{\376\377\0007\000.\0003\0007\000.\0001\000\040\000F\000u\000n\000c\000t\000i\000o\000n\000\040\000D\000o\000c\000u\000m\000e\000n\000t\000a\000t\000i\000o\000n}{section.7.37}% 222
\BOOKMARK [3][-]{subsubsection.7.37.1.1}{\376\377\0007\000.\0003\0007\000.\0001\000.\0001\000\040\000l\000i\000n\000k\000a\000g\000e\000H\000a\000c\000k\000\050\000\051}{subsection.7.37.1}% 223
\BOOKMARK [1][-]{section.7.38}{\376\377\0007\000.\0003\0008\000\040\000/\000U\000s\000e\000r\000s\000/\000a\000r\000c\000h\000a\000n\000a\000r\000/\000g\000i\000t\000/\000K\000i\000n\000e\000m\000a\000t\000i\000c\000\137\000f\000a\000c\000t\000o\000r\000s\000/\000c\000o\000m\000p\000u\000t\000e\000\137\000K\000f\000a\000c\000t\000o\000r\000s\000/\000s\000r\000c\000/\000l\000i\000b\000/\000s\000u\000b\000d\000u\000c\000t\000i\000o\000n\000.\000h\000\040\000F\000i\000l\000e\000\040\000R\000e\000f\000e\000r\000e\000n\000c\000e}{chapter.7}% 224
\BOOKMARK [0][-]{section*.206}{\376\377\000I\000n\000d\000e\000x}{}% 225
