This file contains any messages produced by compilers while
running configure, to aid debugging if configure makes a mistake.

It was created by Kfactors configure 1.0, which was
generated by GNU Autoconf 2.69.  Invocation command line was

  $ ../configure --prefix=/Users/archanar/LQCDSoftware/Kinematic_factor/compute_Kfactors_install --with-adat=/Users/archanar/LQCDSoftware/Kinematic_factor/adat_devel_install --with-semble=/Users/archanar/LQCDSoftware/three_pt_analysis/semble_install CXXFLAGS=-O3 -mtune=native -fopenmp -fbounds-check CFLAGS=-O3 -mtune=native -fopenmp -fbounds-check CXX=g++-9 CC=gcc-9

## --------- ##
## Platform. ##
## --------- ##

hostname = Arch.local
uname -m = x86_64
uname -r = 18.6.0
uname -s = Darwin
uname -v = Darwin Kernel Version 18.6.0: Thu Apr 25 23:16:27 PDT 2019; root:xnu-4903.261.4~2/RELEASE_X86_64

/usr/bin/uname -p = i386
/bin/uname -X     = unknown

/bin/arch              = unknown
/usr/bin/arch -k       = unknown
/usr/convex/getsysinfo = unknown
/usr/bin/hostinfo      = Mach kernel version:
	 Darwin Kernel Version 18.6.0: Thu Apr 25 23:16:27 PDT 2019; root:xnu-4903.261.4~2/RELEASE_X86_64
Kernel configured for up to 8 processors.
4 processors are physically available.
8 processors are logically available.
Processor type: x86_64h (Intel x86-64h Haswell)
Processors active: 0 1 2 3 4 5 6 7
Primary memory available: 16.00 gigabytes
Default processor set: 426 tasks, 1776 threads, 8 processors
Load average: 1.77, Mach factor: 6.22
/bin/machine           = unknown
/usr/bin/oslevel       = unknown
/bin/universe          = unknown

PATH: /usr/local/Cellar/fftw/3.3.8_1/lib/
PATH: /usr/local/opt/openssl/bin
PATH: /usr/local/Cellar/libxml2/2.9.9_2/bin/
PATH: /opt/local/bin
PATH: /opt/local/sbin
PATH: /Users/archanar/anaconda/bin
PATH: /Library/Frameworks/Python.framework/Versions/3.6/bin
PATH: /usr/local/bin
PATH: /usr/bin
PATH: /bin
PATH: /usr/sbin
PATH: /sbin
PATH: /usr/local/Cellar
PATH: /usr/local/Eigen
PATH: /opt/local/bin
PATH: /opt/local/sbin
PATH: /Library/TeX/texbin
PATH: /opt/X11/bin


## ----------- ##
## Core tests. ##
## ----------- ##

configure:1946: checking for a BSD-compatible install
configure:2014: result: /usr/bin/install -c
configure:2025: checking whether build environment is sane
configure:2080: result: yes
configure:2231: checking for a thread-safe mkdir -p
configure:2270: result: ../config/install-sh -c -d
configure:2277: checking for gawk
configure:2307: result: no
configure:2277: checking for mawk
configure:2307: result: no
configure:2277: checking for nawk
configure:2307: result: no
configure:2277: checking for awk
configure:2293: found /usr/bin/awk
configure:2304: result: awk
configure:2315: checking whether make sets $(MAKE)
configure:2337: result: yes
configure:2366: checking whether make supports nested variables
configure:2383: result: yes
configure:2629: checking for C++ compiler version
configure:2638: g++-9 --version >&5
g++-9 (Homebrew GCC 9.1.0) 9.1.0
Copyright (C) 2019 Free Software Foundation, Inc.
This is free software; see the source for copying conditions.  There is NO
warranty; not even for MERCHANTABILITY or FITNESS FOR A PARTICULAR PURPOSE.

configure:2649: $? = 0
configure:2638: g++-9 -v >&5
Using built-in specs.
COLLECT_GCC=g++-9
COLLECT_LTO_WRAPPER=/usr/local/Cellar/gcc/9.1.0/libexec/gcc/x86_64-apple-darwin18/9.1.0/lto-wrapper
Target: x86_64-apple-darwin18
Configured with: ../configure --build=x86_64-apple-darwin18 --prefix=/usr/local/Cellar/gcc/9.1.0 --libdir=/usr/local/Cellar/gcc/9.1.0/lib/gcc/9 --disable-nls --enable-checking=release --enable-languages=c,c++,objc,obj-c++,fortran --program-suffix=-9 --with-gmp=/usr/local/opt/gmp --with-mpfr=/usr/local/opt/mpfr --with-mpc=/usr/local/opt/libmpc --with-isl=/usr/local/opt/isl --with-system-zlib --with-pkgversion='Homebrew GCC 9.1.0' --with-bugurl=https://github.com/Homebrew/homebrew-core/issues --disable-multilib --with-native-system-header-dir=/usr/include --with-sysroot=/Library/Developer/CommandLineTools/SDKs/MacOSX.sdk
Thread model: posix
gcc version 9.1.0 (Homebrew GCC 9.1.0) 
configure:2649: $? = 0
configure:2638: g++-9 -V >&5
g++-9: error: unrecognized command line option '-V'
g++-9: fatal error: no input files
compilation terminated.
configure:2649: $? = 1
configure:2638: g++-9 -qversion >&5
g++-9: error: unrecognized command line option '-qversion'; did you mean '--version'?
g++-9: fatal error: no input files
compilation terminated.
configure:2649: $? = 1
configure:2669: checking whether the C++ compiler works
configure:2691: g++-9 -O3 -mtune=native -fopenmp -fbounds-check   conftest.cpp  >&5
configure:2695: $? = 0
configure:2743: result: yes
configure:2746: checking for C++ compiler default output file name
configure:2748: result: a.out
configure:2754: checking for suffix of executables
configure:2761: g++-9 -o conftest -O3 -mtune=native -fopenmp -fbounds-check   conftest.cpp  >&5
configure:2765: $? = 0
configure:2787: result: 
configure:2809: checking whether we are cross compiling
configure:2817: g++-9 -o conftest -O3 -mtune=native -fopenmp -fbounds-check   conftest.cpp  >&5
configure:2821: $? = 0
configure:2828: ./conftest
configure:2832: $? = 0
configure:2847: result: no
configure:2852: checking for suffix of object files
configure:2874: g++-9 -c -O3 -mtune=native -fopenmp -fbounds-check  conftest.cpp >&5
configure:2878: $? = 0
configure:2899: result: o
configure:2903: checking whether we are using the GNU C++ compiler
configure:2922: g++-9 -c -O3 -mtune=native -fopenmp -fbounds-check  conftest.cpp >&5
configure:2922: $? = 0
configure:2931: result: yes
configure:2940: checking whether g++-9 accepts -g
configure:2960: g++-9 -c -g  conftest.cpp >&5
configure:2960: $? = 0
configure:3001: result: yes
configure:3027: checking whether make supports the include directive
configure:3042: make -f confmf.GNU && cat confinc.out
this is the am__doit target
configure:3045: $? = 0
configure:3064: result: yes (GNU style)
configure:3089: checking dependency style of g++-9
configure:3200: result: gcc3
configure:3327: checking for C compiler version
configure:3336: gcc-9 --version >&5
gcc-9 (Homebrew GCC 9.1.0) 9.1.0
Copyright (C) 2019 Free Software Foundation, Inc.
This is free software; see the source for copying conditions.  There is NO
warranty; not even for MERCHANTABILITY or FITNESS FOR A PARTICULAR PURPOSE.

configure:3347: $? = 0
configure:3336: gcc-9 -v >&5
Using built-in specs.
COLLECT_GCC=gcc-9
COLLECT_LTO_WRAPPER=/usr/local/Cellar/gcc/9.1.0/libexec/gcc/x86_64-apple-darwin18/9.1.0/lto-wrapper
Target: x86_64-apple-darwin18
Configured with: ../configure --build=x86_64-apple-darwin18 --prefix=/usr/local/Cellar/gcc/9.1.0 --libdir=/usr/local/Cellar/gcc/9.1.0/lib/gcc/9 --disable-nls --enable-checking=release --enable-languages=c,c++,objc,obj-c++,fortran --program-suffix=-9 --with-gmp=/usr/local/opt/gmp --with-mpfr=/usr/local/opt/mpfr --with-mpc=/usr/local/opt/libmpc --with-isl=/usr/local/opt/isl --with-system-zlib --with-pkgversion='Homebrew GCC 9.1.0' --with-bugurl=https://github.com/Homebrew/homebrew-core/issues --disable-multilib --with-native-system-header-dir=/usr/include --with-sysroot=/Library/Developer/CommandLineTools/SDKs/MacOSX.sdk
Thread model: posix
gcc version 9.1.0 (Homebrew GCC 9.1.0) 
configure:3347: $? = 0
configure:3336: gcc-9 -V >&5
gcc-9: error: unrecognized command line option '-V'
gcc-9: fatal error: no input files
compilation terminated.
configure:3347: $? = 1
configure:3336: gcc-9 -qversion >&5
gcc-9: error: unrecognized command line option '-qversion'; did you mean '--version'?
gcc-9: fatal error: no input files
compilation terminated.
configure:3347: $? = 1
configure:3351: checking whether we are using the GNU C compiler
configure:3370: gcc-9 -c -O3 -mtune=native -fopenmp -fbounds-check  conftest.c >&5
configure:3370: $? = 0
configure:3379: result: yes
configure:3388: checking whether gcc-9 accepts -g
configure:3408: gcc-9 -c -g  conftest.c >&5
configure:3408: $? = 0
configure:3449: result: yes
configure:3466: checking for gcc-9 option to accept ISO C89
configure:3529: gcc-9  -c -O3 -mtune=native -fopenmp -fbounds-check  conftest.c >&5
configure:3529: $? = 0
configure:3542: result: none needed
configure:3567: checking whether gcc-9 understands -c and -o together
configure:3589: gcc-9 -c conftest.c -o conftest2.o
configure:3592: $? = 0
configure:3589: gcc-9 -c conftest.c -o conftest2.o
configure:3592: $? = 0
configure:3604: result: yes
configure:3623: checking dependency style of gcc-9
configure:3734: result: gcc3
configure:3792: checking for ranlib
configure:3808: found /usr/bin/ranlib
configure:3819: result: ranlib
configure:3916: checking dependency style of gcc-9
configure:4027: result: gcc3
configure:4044: checking dependency style of g++-9
configure:4155: result: gcc3
configure:4267: checking for adat-config
configure:4286: found /Users/archanar/LQCDSoftware/Kinematic_factor/adat_devel_install/bin/adat-config
configure:4298: result: /Users/archanar/LQCDSoftware/Kinematic_factor/adat_devel_install/bin/adat-config
configure:4312: Found ADAT configuration program /Users/archanar/LQCDSoftware/Kinematic_factor/adat_devel_install/bin/adat-config
configure:4316: ADAT compiler: g++-9
configure:4320: ADAT compile flags: -O2 -I/Users/archanar/LQCDSoftware/Kinematic_factor/adat_devel_install/include -I/usr/local/Cellar/libxml2/2.9.9_2/include/libxml2
configure:4324: ADAT linking flags: -L/Users/archanar/LQCDSoftware/Kinematic_factor/adat_devel_install/lib
configure:4328: ADAT libraries flags: -ladat -lfiledb -lfilehash -lXPathReader -lxmlWriter -lMinuit2Base -L/usr/local/Cellar/libxml2/2.9.9_2/lib -lxml2 -lz -lpthread -liconv -lm
configure:4334: checking if we can compile/link a simple adat program
configure:4375: g++-9 -o conftest -O3 -mtune=native -fopenmp -fbounds-check -O2 -I/Users/archanar/LQCDSoftware/Kinematic_factor/adat_devel_install/include -I/usr/local/Cellar/libxml2/2.9.9_2/include/libxml2   -L/Users/archanar/LQCDSoftware/Kinematic_factor/adat_devel_install/lib conftest.cpp  -ladat -lfiledb -lfilehash -lXPathReader -lxmlWriter -lMinuit2Base -L/usr/local/Cellar/libxml2/2.9.9_2/lib -lxml2 -lz -lpthread -liconv -lm >&5
conftest.cpp: In function 'int main()':
conftest.cpp:23:16: warning: ISO C++ forbids converting a string constant to 'char*' [-Wwrite-strings]
   23 |  char *docname="foo";
      |                ^~~~~
configure:4375: $? = 0
configure:4402: result: yes
configure:4467: checking for semble-config
configure:4486: found /Users/archanar/LQCDSoftware/three_pt_analysis/semble_install/bin/semble-config
configure:4498: result: /Users/archanar/LQCDSoftware/three_pt_analysis/semble_install/bin/semble-config
configure:4514: Found semble configuration program /Users/archanar/LQCDSoftware/three_pt_analysis/semble_install/bin/semble-config
configure:4518: semble compiler: g++-9
configure:4522: semble compile flags: -O3 -mtune=native -fopenmp -fbounds-check -I/Users/archanar/LQCDSoftware/three_pt_analysis/semble_install/include
configure:4526: semble linking flags: -L/Users/archanar/LQCDSoftware/three_pt_analysis/semble_install/lib
configure:4530: semble libraries flags: -lsemble
configure:4686: checking that generated files are newer than configure
configure:4692: result: done
configure:4735: creating ./config.status

## ---------------------- ##
## Running config.status. ##
## ---------------------- ##

This file was extended by Kfactors config.status 1.0, which was
generated by GNU Autoconf 2.69.  Invocation command line was

  CONFIG_FILES    = 
  CONFIG_HEADERS  = 
  CONFIG_LINKS    = 
  CONFIG_COMMANDS = 
  $ ./config.status 

on Arch.local

config.status:788: creating Makefile
config.status:788: creating src/Makefile
config.status:945: executing depfiles commands
config.status:1022: cd src       && sed -e '/# am--include-marker/d' Makefile         | make -f - am--depfiles
config.status:1027: $? = 0

## ---------------- ##
## Cache variables. ##
## ---------------- ##

ac_cv_c_compiler_gnu=yes
ac_cv_cxx_compiler_gnu=yes
ac_cv_env_CCC_set=
ac_cv_env_CCC_value=
ac_cv_env_CC_set=set
ac_cv_env_CC_value=gcc-9
ac_cv_env_CFLAGS_set=set
ac_cv_env_CFLAGS_value='-O3 -mtune=native -fopenmp -fbounds-check'
ac_cv_env_CPPFLAGS_set=
ac_cv_env_CPPFLAGS_value=
ac_cv_env_CXXFLAGS_set=set
ac_cv_env_CXXFLAGS_value='-O3 -mtune=native -fopenmp -fbounds-check'
ac_cv_env_CXX_set=set
ac_cv_env_CXX_value=g++-9
ac_cv_env_LDFLAGS_set=
ac_cv_env_LDFLAGS_value=
ac_cv_env_LIBS_set=
ac_cv_env_LIBS_value=
ac_cv_env_build_alias_set=
ac_cv_env_build_alias_value=
ac_cv_env_host_alias_set=
ac_cv_env_host_alias_value=
ac_cv_env_target_alias_set=
ac_cv_env_target_alias_value=
ac_cv_objext=o
ac_cv_path_ADAT_CONFIG=/Users/archanar/LQCDSoftware/Kinematic_factor/adat_devel_install/bin/adat-config
ac_cv_path_SEMBLE_CONFIG=/Users/archanar/LQCDSoftware/three_pt_analysis/semble_install/bin/semble-config
ac_cv_path_install='/usr/bin/install -c'
ac_cv_prog_AWK=awk
ac_cv_prog_ac_ct_RANLIB=ranlib
ac_cv_prog_cc_c89=
ac_cv_prog_cc_g=yes
ac_cv_prog_cxx_g=yes
ac_cv_prog_make_make_set=yes
am_cv_CC_dependencies_compiler_type=gcc3
am_cv_CXX_dependencies_compiler_type=gcc3
am_cv_make_support_nested_variables=yes
am_cv_prog_cc_c_o=yes

## ----------------- ##
## Output variables. ##
## ----------------- ##

ACLOCAL='${SHELL} /Users/archanar/LQCDSoftware/Kinematic_factor/compute_Kfactors/config/missing aclocal-1.16'
ADAT_CONFIG='/Users/archanar/LQCDSoftware/Kinematic_factor/adat_devel_install/bin/adat-config'
ADAT_CXXFLAGS='-O2 -I/Users/archanar/LQCDSoftware/Kinematic_factor/adat_devel_install/include -I/usr/local/Cellar/libxml2/2.9.9_2/include/libxml2'
ADAT_LDFLAGS='-L/Users/archanar/LQCDSoftware/Kinematic_factor/adat_devel_install/lib'
ADAT_LIBS='-ladat -lfiledb -lfilehash -lXPathReader -lxmlWriter -lMinuit2Base -L/usr/local/Cellar/libxml2/2.9.9_2/lib -lxml2 -lz -lpthread -liconv -lm'
AMDEPBACKSLASH='\'
AMDEP_FALSE='#'
AMDEP_TRUE=''
AMTAR='$${TAR-tar}'
AM_BACKSLASH='\'
AM_DEFAULT_V='$(AM_DEFAULT_VERBOSITY)'
AM_DEFAULT_VERBOSITY='1'
AM_V='$(V)'
AUTOCONF='${SHELL} /Users/archanar/LQCDSoftware/Kinematic_factor/compute_Kfactors/config/missing autoconf'
AUTOHEADER='${SHELL} /Users/archanar/LQCDSoftware/Kinematic_factor/compute_Kfactors/config/missing autoheader'
AUTOMAKE='${SHELL} /Users/archanar/LQCDSoftware/Kinematic_factor/compute_Kfactors/config/missing automake-1.16'
AWK='awk'
CC='gcc-9'
CCDEPMODE='depmode=gcc3'
CFLAGS='-O3 -mtune=native -fopenmp -fbounds-check'
CPPFLAGS=''
CXX='g++-9'
CXXDEPMODE='depmode=gcc3'
CXXFLAGS='-O3 -mtune=native -fopenmp -fbounds-check'
CYGPATH_W='echo'
DEFS='-DPACKAGE_NAME=\"Kfactors\" -DPACKAGE_TARNAME=\"kfactors\" -DPACKAGE_VERSION=\"1.0\" -DPACKAGE_STRING=\"Kfactors\ 1.0\" -DPACKAGE_BUGREPORT=\"archanar@jlab.org\" -DPACKAGE_URL=\"\" -DPACKAGE=\"kfactors\" -DVERSION=\"1.0\" -DPACKAGE=\"kfactors\" -DVERSION=\"1.0\"'
DEPDIR='.deps'
ECHO_C='\c'
ECHO_N=''
ECHO_T=''
EXEEXT=''
INSTALL_DATA='${INSTALL} -m 644'
INSTALL_PROGRAM='${INSTALL}'
INSTALL_SCRIPT='${INSTALL}'
INSTALL_STRIP_PROGRAM='$(install_sh) -c -s'
LDFLAGS=''
LIBOBJS=''
LIBS=''
LTLIBOBJS=''
MAKEINFO='${SHELL} /Users/archanar/LQCDSoftware/Kinematic_factor/compute_Kfactors/config/missing makeinfo'
MKDIR_P='../config/install-sh -c -d'
OBJEXT='o'
PACKAGE='kfactors'
PACKAGE_BUGREPORT='archanar@jlab.org'
PACKAGE_NAME='Kfactors'
PACKAGE_STRING='Kfactors 1.0'
PACKAGE_TARNAME='kfactors'
PACKAGE_URL=''
PACKAGE_VERSION='1.0'
PATH_SEPARATOR=':'
RANLIB='ranlib'
SEMBLE_CONFIG='/Users/archanar/LQCDSoftware/three_pt_analysis/semble_install/bin/semble-config'
SEMBLE_CXXFLAGS='-O3 -mtune=native -fopenmp -fbounds-check -I/Users/archanar/LQCDSoftware/three_pt_analysis/semble_install/include'
SEMBLE_LDFLAGS='-L/Users/archanar/LQCDSoftware/three_pt_analysis/semble_install/lib'
SEMBLE_LIBS='-lsemble'
SET_MAKE=''
SHELL='/bin/sh'
STRIP=''
VERSION='1.0'
ac_ct_CC=''
ac_ct_CXX=''
am__EXEEXT_FALSE=''
am__EXEEXT_TRUE='#'
am__fastdepCC_FALSE='#'
am__fastdepCC_TRUE=''
am__fastdepCXX_FALSE='#'
am__fastdepCXX_TRUE=''
am__include='include'
am__isrc=' -I$(srcdir)'
am__leading_dot='.'
am__nodep='_no'
am__quote=''
am__tar='$${TAR-tar} chof - "$$tardir"'
am__untar='$${TAR-tar} xf -'
bindir='${exec_prefix}/bin'
build_alias=''
datadir='${datarootdir}'
datarootdir='${prefix}/share'
docdir='${datarootdir}/doc/${PACKAGE_TARNAME}'
dvidir='${docdir}'
exec_prefix='${prefix}'
host_alias=''
htmldir='${docdir}'
includedir='${prefix}/include'
infodir='${datarootdir}/info'
install_sh='${SHELL} /Users/archanar/LQCDSoftware/Kinematic_factor/compute_Kfactors/config/install-sh'
libdir='${exec_prefix}/lib'
libexecdir='${exec_prefix}/libexec'
localedir='${datarootdir}/locale'
localstatedir='${prefix}/var'
mandir='${datarootdir}/man'
mkdir_p='$(MKDIR_P)'
oldincludedir='/usr/include'
pdfdir='${docdir}'
prefix='/Users/archanar/LQCDSoftware/Kinematic_factor/compute_Kfactors_install'
program_transform_name='s,x,x,'
psdir='${docdir}'
sbindir='${exec_prefix}/sbin'
sharedstatedir='${prefix}/com'
sysconfdir='${prefix}/etc'
target_alias=''

## ----------- ##
## confdefs.h. ##
## ----------- ##

/* confdefs.h */
#define PACKAGE_NAME "Kfactors"
#define PACKAGE_TARNAME "kfactors"
#define PACKAGE_VERSION "1.0"
#define PACKAGE_STRING "Kfactors 1.0"
#define PACKAGE_BUGREPORT "archanar@jlab.org"
#define PACKAGE_URL ""
#define PACKAGE "kfactors"
#define VERSION "1.0"
#define PACKAGE "kfactors"
#define VERSION "1.0"

configure: exit 0
